PLINK v1.9.0-b.8 64-bit (22 Oct 2024)
Options in effect:
  --allow-extra-chr
  --double-id
  --out /home/mie/Schreibtisch/Unistuff/Master/Semester2/Forschungsgruppenpraktikum_Steven/Git/rye_project/data/pca_PLINK/maf.01_minDP20_maxDP100_minQ40_missing.10.splitted
  --pca
  --vcf /home/mie/Schreibtisch/Unistuff/Master/Semester2/Forschungsgruppenpraktikum_Steven/Git/rye_project/data/vcftools/maf.01_minDP20_maxDP100_minQ40_missing.10.splitted.vcf

Hostname: Ass-pire
Working directory: /home/mie/Schreibtisch/Unistuff/Master/Semester2/Forschungsgruppenpraktikum_Steven/Git/rye_project/code/com_operations
Start time: Wed Sep 24 00:37:19 2025

Random number seed: 1758667039
14881 MB RAM detected; reserving 7440 MB for main workspace.
--vcf:
/home/mie/Schreibtisch/Unistuff/Master/Semester2/Forschungsgruppenpraktikum_Steven/Git/rye_project/data/pca_PLINK/maf.01_minDP20_maxDP100_minQ40_missing.10.splitted-temporary.bed
+
/home/mie/Schreibtisch/Unistuff/Master/Semester2/Forschungsgruppenpraktikum_Steven/Git/rye_project/data/pca_PLINK/maf.01_minDP20_maxDP100_minQ40_missing.10.splitted-temporary.bim
+
/home/mie/Schreibtisch/Unistuff/Master/Semester2/Forschungsgruppenpraktikum_Steven/Git/rye_project/data/pca_PLINK/maf.01_minDP20_maxDP100_minQ40_missing.10.splitted-temporary.fam
written.
21548 variants loaded from .bim file.
3042 people (0 males, 0 females, 3042 ambiguous) loaded from .fam.
Ambiguous sex IDs written to
/home/mie/Schreibtisch/Unistuff/Master/Semester2/Forschungsgruppenpraktikum_Steven/Git/rye_project/data/pca_PLINK/maf.01_minDP20_maxDP100_minQ40_missing.10.splitted.nosex
.
Using up to 8 threads (change this with --threads).
Before main variant filters, 3042 founders and 0 nonfounders present.
Calculating allele frequencies... done.
Total genotyping rate is 0.955504.
21548 variants and 3042 people pass filters and QC.
Note: No phenotypes present.
Relationship matrix calculation complete.
--pca: Results saved to
/home/mie/Schreibtisch/Unistuff/Master/Semester2/Forschungsgruppenpraktikum_Steven/Git/rye_project/data/pca_PLINK/maf.01_minDP20_maxDP100_minQ40_missing.10.splitted.eigenval
and
/home/mie/Schreibtisch/Unistuff/Master/Semester2/Forschungsgruppenpraktikum_Steven/Git/rye_project/data/pca_PLINK/maf.01_minDP20_maxDP100_minQ40_missing.10.splitted.eigenvec
.

End time: Wed Sep 24 00:37:31 2025
