PLINK v2.00a6 AVX2 (23 Nov 2023)
Options in effect:
  --allow-extra-chr
  --double-id
  --out /home/mie/Schreibtisch/Unistuff/Master/Semester2/Forschungsgruppenpraktikum_Steven/Test_Git/data/pca_PLINK/maf.05_minDP20_maxDP100_minQ40_missing.90.biallelic
  --pca 20 meanimpute
  --vcf /home/mie/Schreibtisch/Unistuff/Master/Semester2/Forschungsgruppenpraktikum_Steven/Test_Git/data/vcftools/maf.05_minDP20_maxDP100_minQ40_missing.90.biallelic.vcf

Hostname: Ass-pire
Working directory: /home/mie
Start time: Thu Jan  1 18:22:24 2026

Random number seed: 1767288144
14881 MiB RAM detected, ~3065 available; reserving 3001 MiB for main workspace.
Using up to 8 compute threads.
--vcf: 11222 variants scanned.
--vcf:
/home/mie/Schreibtisch/Unistuff/Master/Semester2/Forschungsgruppenpraktikum_Steven/Test_Git/data/pca_PLINK/maf.05_minDP20_maxDP100_minQ40_missing.90.biallelic-temporary.pgen
+
/home/mie/Schreibtisch/Unistuff/Master/Semester2/Forschungsgruppenpraktikum_Steven/Test_Git/data/pca_PLINK/maf.05_minDP20_maxDP100_minQ40_missing.90.biallelic-temporary.pvar.zst
+
/home/mie/Schreibtisch/Unistuff/Master/Semester2/Forschungsgruppenpraktikum_Steven/Test_Git/data/pca_PLINK/maf.05_minDP20_maxDP100_minQ40_missing.90.biallelic-temporary.psam
written.
3042 samples (0 females, 0 males, 3042 ambiguous; 3042 founders) loaded from
/home/mie/Schreibtisch/Unistuff/Master/Semester2/Forschungsgruppenpraktikum_Steven/Test_Git/data/pca_PLINK/maf.05_minDP20_maxDP100_minQ40_missing.90.biallelic-temporary.psam.
Note: 9 nonstandard chromosome codes present.
11222 variants loaded from
/home/mie/Schreibtisch/Unistuff/Master/Semester2/Forschungsgruppenpraktikum_Steven/Test_Git/data/pca_PLINK/maf.05_minDP20_maxDP100_minQ40_missing.90.biallelic-temporary.pvar.zst.
Note: No phenotype data present.
Calculating allele frequencies... done.
Constructing GRM: done.
Extracting eigenvalues and eigenvectors... done.
--pca: Eigenvectors written to
/home/mie/Schreibtisch/Unistuff/Master/Semester2/Forschungsgruppenpraktikum_Steven/Test_Git/data/pca_PLINK/maf.05_minDP20_maxDP100_minQ40_missing.90.biallelic.eigenvec
, and eigenvalues written to
/home/mie/Schreibtisch/Unistuff/Master/Semester2/Forschungsgruppenpraktikum_Steven/Test_Git/data/pca_PLINK/maf.05_minDP20_maxDP100_minQ40_missing.90.biallelic.eigenval
.

End time: Thu Jan  1 18:22:59 2026
