[1] "--------------------- Welcome to GAPIT ----------------------------"
[1] "FarmCPU"
[1] "--------------------Processing traits----------------------------------"
[1] "Phenotype provided!"
[1] "The 1 model in all."
[1] "FarmCPU"
[1] "GAPIT.DP in process..."
[1] "Converting genotype..."
[1] "Converting HapMap format to numerical under model of Middle"
[1] "Perform numericalization"
[1] "Succesfuly finished converting HapMap which has bits of 1"
[1] "Converting genotype done."
[1] "GAPIT will filter marker with MAF setting !!"
[1] "The markers will be filtered by SNP.MAF: 0"
maf_index
 TRUE 
17526 
[1] "Filting marker for GAPIT.Genotype.View function ..."
[1] "The average distance between markers are ..."
[1] 0.003 0.006 0.009 0.005 0.005 0.001
[1] "GAPIT.Genotype.View . pdfs generate.successfully!"
NULL
[1] "GAPIT.DP accomplished successfully for multiple traits. Results are saved"
[1] "Processing trait: PC1"
[1] "GAPIT.Phenotype.View in press..."
[1] "GAPIT.Phenotype.View output pdf has been generated successfully!"
[1] "--------------------Phenotype and Genotype ----------------------------------"
[1] "FarmCPU"
[1] TRUE
[1] "There are  1  traits in phenotype data."
[1] "There are  3042  individuals in phenotype data."
[1] "There are  17526  markers in genotype data."
[1] "Phenotype and Genotype are test OK !!"
[1] "--------------------GAPIT Logical Done----------------------------------"
[1] "GAPIT.IC in process..."
[1] "There is 0 Covariances."
[1] "There are 3042 common individuals in genotype , phenotype and CV files."
[1] "The dimension of total CV is "
[1] 3042    2
[1] 3042    2
[1] "GAPIT.IC accomplished successfully for multiple traits. Results are saved"
[1] "GAPIT.SS in process..."
[1] "GAPIT will be into GWAS approach..."
[1] "FarmCPU"
[1] "The GAPIT would go into Bus..."
[1] "--------------------- Welcome to FarmCPU ----------------------------"
[1] "FarmCPU Started..."
[1] "Current loop: 1 out of maximum of 10"
[1] "seqQTN"
NULL
[1] "scanning..."
[1] "number of covariates in current loop is:"
[1] 0
[1] "Current loop: 2 out of maximum of 10"
[1] "optimizing possible QTNs..."
[1] "seqQTN"
 [1]  138  277  587  610  728  951 1115 1417 2093 2805 2968 3074 3153 4969
[1] "scanning..."
[1] "number of covariates in current loop is:"
[1] 14
[1] "Current loop: 3 out of maximum of 10"
[1] "optimizing possible QTNs..."
[1] "seqQTN"
 [1]  3234 10302 12767 10435  7849 10139 14480 10229 10206  3022  3153   138  1417   610   277  2805   728
[1] "scanning..."
[1] "number of covariates in current loop is:"
[1] 17
[1] "Current loop: 4 out of maximum of 10"
[1] "optimizing possible QTNs..."
[1] "seqQTN"
 [1]  3234   138  3022  1417   610 10302   728 10206  3153   277 10229 12767  7849 14480  2805 10139 10435
[1] "scanning..."
[1] "number of covariates in current loop is:"
[1] 17
[1] "**********FarmCPU ACCOMPLISHED SUCCESSFULLY**********"
[1] "Calculating Kansas GWAS result..."
[1] "FarmCPU has been done succeedly!!"
   [1]  442    4    6    7    9  453   77   12   14  474   15  487   24  502  503  508  521  531   81   82   84  535  539   88  572  573  574  581  101  103
  [31]   31  588  594  109  138  141  142  145  597  606  607  608  610  148  149  157  625  626  629  166  167  170  171  172  639  641  652  653  656  657
  [61]  667  668  669  185  675  680  194  195  196  197  198  199  200  201  684  687  692  693  694  695  696  697   38  706  708  712  715  718  719  721
  [91]  723  724  728  734  751  752  753  754  755  766  777  780  785  801  802  809  817  822  823  824  825  826  828  830  831  837  839  842  849  213
 [121]  853  854  855  865  866  871  874  878  883  885  886  888  895  900  901  902  903  912  919  922   40  925  927  928  931  932  934  935  938  939
 [151]  940  941  217  947  948  950  951  959  960  961  963  964  972  975  980  985  987  988  221  222 1014 1032 1033 1041 1042 1043 1044 1049 1053 1054
 [181] 1057 1061 1068  231 1070  233  247 1073 1085 1087 1095  255 1103 1105 1107 1108 1110 1115 1116 1117 1120 1122 1124 1128  261 1130 1131 1132 1133 1134
 [211] 1135 1136 1152 1163 1164 1165 1167 1179 1182 1183 1184 1185 1186 1202 1204 1205 1208 1209 1210 1211 1212 1213 1216 1217 1220 1221 1222 1223 1224 1225
 [241] 1226 1227 1228 1239 1242 1247 1248 1250  272  273  274  275  277 1272 1274 1293 1299  279  281  283  284  285  286 1306  290 1316 1323 1367 1369 1372
 [271] 1373 1374 1388 1405 1406 1416 1417 1423 1424 1427 1428 1429 1439 1444 1445 1447 1454 1457 1459 1463 1472 1480 1494 1495 1497 1504 1506 1513 1521 1523
 [301] 1524 1526 1530 1532 1540 1542 1543 1544 1546 1551 1554 1557 1559 1562 1563 1566 1567 1571 1572 1574 1576 1577 1579 1581 1582 1587 1588 1594 1595 1606
 [331] 1607 1608 1609 1614 1616 1619 1621 1628 1629 1632 1633 1635 1636 1637 1640 1642  314  315 1658 1662 1663 1670 1674 1675 1679 1701 1704 1714 1720 1733
 [361] 1735 1741 1746 1749 1750 1758  323 1765 1776 1784 1785 1789 1792 1793 1794 1803 1818 1822 1825 1828   56 1851 1852 1853 1854 1856 1857 1858 1863 1866
 [391] 1875 1884 1896 1897 1899 1900 1906 1907 1908 1912 1918 1920 1922 1923 1932 1939 1941 1942 1943 1953 1962 1966 1968 1970 1975 1977 1978 1980 1981 1985
 [421] 1986 1988 1990 1991 1998 2000 2002 2003 2008 2009 2014 2015 2020 2021 2038 2041 2044 2046 2047 2056 2069 2070 2071 2086 2092 2093 2094 2096 2097 2100
 [451] 2101 2109 2112 2121 2126 2128 2142 2144 2145 2147 2159 2160 2161 2165 2166 2168 2183 2184 2185 2189 2193 2196 2200 2201  332  334  338  340  342  354
 [481]  356  361  376  377  383  389  401  405  422  436 2790 2797 2798 2804 2805 2829 2844 2845 2850 2858 2861 2862 2869 2872 2884 2885 2890 2891 2893 2894
 [511] 2895 2907 2908 2910 2912 2914 2919 2923 2931 2932 2933 2934 2935 2937 2940 2942 2943 2944 2946 2947 2949 2206 2212 2305 2951 2313 2954 2958 2959 2960
 [541] 2961 2968 2970 2321 2973 2974 2975 2976 2978 2979 2980 2982 2985 2986 2988 2989 2991 2992 3006 3007 3010 3012 3013 2324 3015 3017 3018 3019 3020 3022
 [571] 3023 3024 3027 3032 3035 3036 3037 2339 2342 2344 3038 3039 3040 3041 3046 2363 2371 2377 2379 3048 3051 3052 2389 2392 2393 3053 3054 3055 3062 3068
 [601] 3074 3075 3077 3079 3083 3085 3089 3092 2400 2401 2402 3098 3101 3104 3109 3114 3116 3117 3118 3119 3120 3121 3122 3123 3124 3125 3126 3138 2408 2413
 [631] 2414 3148 3153 3154 2218 2222 3165 3166 3169 3170 3172 3176 2468 2470 2481 2224 2225 2226 2227 2229 2230 2485 2493 2498 3177 3178 2502 2507 2508 2509
 [661] 3179 3181 3184 3185 2235 2236 2242 2517 2518 2521 2527 2528 2243 3189 3191 3193 3194 2245 2246 2247 2544 2554 2555 3202 3204 3218 3221 3226 3227 3230
 [691] 3234 3236 3237 3238 2562 2568 3241 3245 3250 2254 2256 2258 2569 2570 2571 3252 3253 2261 2262 2263 2265 3255 3260 3265 2575 2576 2577 2581 2583 3268
 [721] 2585 2587 3269 3272 3273 3275 3276 3281 3282 3284 3285 3288 3290 3294 3296 3297 3299 3301 3302 3304 3305 3306 3307 3309 3311 3323 3327 3328 3331 3334
 [751] 3340 3352 3363 3371 3373 3375 3381 3383 3395 3396 3401 3402 3403 3406 3409 3410 3414 3416 3422 3423 3424 3427 3428 3434 3435 3436 3437 3445 3447 3448
 [781] 3449 3452 3453 3454 2588 2589 3458 3460 3461 3462 3463 3465 3468 3469 3471 3473 3480 3489 3490 3491 3492 3495 3497 2590 2591 2594 2597 2604 2608 3503
 [811] 2621 2623 3509 3513 3515 3520 3522 3523 3524 3525 3526 3529 3539 3541 3543 3545 3583 3584 3588 3591 3599 3602 3604 3606 3607 3609 3616 3617 3618 3619
 [841] 3622 3625 3626 3627 3634 3635 3636 3637 3641 3642 3644 3645 3647 3649 3658 3659 3669 3672 3673 3674 3678 3680 3681 3682 3684 3686 3689 3691 3693 3694
 [871] 2639 2640 3697 3702 3704 3707 3712 3714 3723 3729 3733 3737 3746 3749 3751 3752 3753 3754 3755 3756 3762 3764 3765 3767 3768 3778 3781 3783 3786 3788
 [901] 3791 3792 3793 3794 3795 3796 3797 3798 3801 3803 3809 3810 3811 3812 3818 3825 3827 2666 2667 2668 2669 2670 2676 3838 3841 3842 3843 3845 3847 3849
 [931] 3852 3853 3854 3859 3862 3866 3868 2682 2684 2685 3871 3872 3876 3887 2689 2690 2691 2693 2695 2696 3888 2698 3894 3895 3896 3897 3898 3899 3901 3903
 [961] 3915 3925 3927 3929 3930 3931 3936 3940 3941 3943 3946 3948 3949 3950 3951 3953 3954 3955 3960 3964 3965 3966 3967 3969 3971 3974 3977 3983 3984 3985
 [991] 3986 3990 3994 3995 3996 3997 3998 3999 4000 4001
 [ reached getOption("max.print") -- omitted 3670 entries ]
[1] "GAPIT.ID in process..."
[1] "Filtering SNPs with MAF..."
[1] "Calculating FDR..."
[1] "QQ plot...(NYC)"
[1] "Manhattan plot (Genomewise)...(NYC)"
[1] "GAPIT.Manhattan accomplished successfully!zw"
[1] "Manhattan plot (Chromosomewise)...(NYC)"
[1] "select 198 candidate significont markers in 1 chromosome "
[1] "select 272 candidate significont markers in 2 chromosome "
[1] "select 252 candidate significont markers in 3 chromosome "
[1] "select 244 candidate significont markers in 4 chromosome "
[1] "select 242 candidate significont markers in 5 chromosome "
[1] "select 238 candidate significont markers in 6 chromosome "
[1] "select 232 candidate significont markers in 7 chromosome "
[1] "select 52 candidate significont markers in 8 chromosome "
[1] "select 1 candidate significont markers in 9 chromosome "
[1] "manhattan plot on chromosome finished"
[1] "GAPIT.Manhattan accomplished successfully!zw"
[1] "Association table..."
[1] "Joining tvalue and stderr"
[1] "GAPIT Phenotype distribution with significant markers in process..."
[1] TRUE
[1] 4670    8
[1] "GAPIT.ID accomplished successfully for multiple traits. Results are saved"
[1] "Processing trait: PC2"
[1] "GAPIT.Phenotype.View in press..."
[1] "GAPIT.Phenotype.View output pdf has been generated successfully!"
[1] "--------------------Phenotype and Genotype ----------------------------------"
[1] "FarmCPU"
[1] TRUE
[1] "There are  1  traits in phenotype data."
[1] "There are  3042  individuals in phenotype data."
[1] "There are  17526  markers in genotype data."
[1] "Phenotype and Genotype are test OK !!"
[1] "--------------------GAPIT Logical Done----------------------------------"
[1] "GAPIT.IC in process..."
[1] "There is 0 Covariances."
[1] "There are 3042 common individuals in genotype , phenotype and CV files."
[1] "The dimension of total CV is "
[1] 3042    2
[1] 3042    2
[1] "GAPIT.IC accomplished successfully for multiple traits. Results are saved"
[1] "GAPIT.SS in process..."
[1] "GAPIT will be into GWAS approach..."
[1] "FarmCPU"
[1] "The GAPIT would go into Bus..."
[1] "--------------------- Welcome to FarmCPU ----------------------------"
[1] "FarmCPU Started..."
[1] "Current loop: 1 out of maximum of 10"
[1] "seqQTN"
NULL
[1] "scanning..."
[1] "number of covariates in current loop is:"
[1] 0
[1] "Current loop: 2 out of maximum of 10"
[1] "optimizing possible QTNs..."
[1] "seqQTN"
[1] 31
[1] "scanning..."
[1] "number of covariates in current loop is:"
[1] 1
[1] "Current loop: 3 out of maximum of 10"
[1] "optimizing possible QTNs..."
[1] "seqQTN"
[1]   31 4592
[1] "scanning..."
[1] "number of covariates in current loop is:"
[1] 2
[1] "Current loop: 4 out of maximum of 10"
[1] "optimizing possible QTNs..."
[1] "seqQTN"
[1]   31 4592
[1] "scanning..."
[1] "number of covariates in current loop is:"
[1] 2
[1] "**********FarmCPU ACCOMPLISHED SUCCESSFULLY**********"
[1] "Calculating Kansas GWAS result..."
[1] "FarmCPU has been done succeedly!!"
   [1]  447  453   75  456   11   13   14  468  471  475   15   17  482  483  488  494  497  499   27   28  509  510  511  513  521  526  531   80  535  544
  [31]  546  549  561  562  563   86   88  569  570  572  573  574  576  579  585  101  587   31   32   33   34   35  588  594  117  119  120  121  122  123
  [61]  124  125  126  128  129  130  131  132  133  134  135  136  137  141  145  597  598  599  601  605  608  609  610  615  616  155  622  623  624  625
  [91]  626  629  630  634  635  176  178  180  181  182  638  639  640  641  653  657  658  659  662  663  664  665  666  669  671  184  185  188  189  190
 [121]  678  680  681  191  192  193  194  195  196  197  198  199  200  698  699   39  704  706  707  709  711  718  728  729  730  740  744  746  751  752
 [151]  753  755  757  758  760  762  766  773  785  798  799  800  802  805  807  809  817  822  825  826  827  830  832  834  838  839  840  842  208  850
 [181]  852  213  854  863  872  874  876  887  888  889  891  892  895  896  900  901  902  903  908  910  912  918  919   40  935  938  947  948  949  951
 [211]  952  957  958  960  961  975  980  985  986  988  989  221  996 1003 1006 1013 1014 1016 1019 1020  224  226  227  228  229 1022 1032 1033 1036 1037
 [241] 1040 1041 1043 1044 1049 1051 1053 1054 1055 1058 1060 1061 1067 1068  231 1069 1070 1071  237  245  247 1073 1087 1095  255 1103 1105 1107 1108 1113
 [271] 1114 1115 1116 1119 1120 1122 1124 1128  261 1130 1131 1132 1133 1134 1135 1136 1145 1155 1156 1157 1158 1164 1165 1166 1167 1179 1183 1188 1189 1193
 [301] 1202 1208 1209 1210 1211 1212 1213 1216 1222 1223 1224 1225 1226 1227 1228 1231 1232 1233 1240 1242 1269 1271  277  278 1272 1273 1274 1275 1285 1288
 [331] 1290 1292 1293 1294 1295 1296 1297 1298 1299 1300  281  283  284  285  286 1311  290 1315 1316 1317 1322 1324 1325   47 1327 1334 1340 1341 1347 1350
 [361] 1351 1360 1364 1367 1368 1374 1388 1389 1390 1397 1406 1411  291 1413 1414 1417 1420 1422 1424 1427 1428 1429 1439 1440 1441 1445 1447 1454 1457 1459
 [391] 1460 1466 1467 1476 1488 1494 1495 1497 1504 1506 1509  298 1515 1516 1517 1522 1523 1524 1526 1532 1533 1534 1537 1546 1551 1556 1559 1562 1563 1567
 [421] 1568 1569 1571 1574 1576 1577  306  308  309 1580 1583 1584 1587 1588 1589 1590 1591 1594 1595 1605 1615 1616 1617 1632 1647 1649   50   52  314  315
 [451] 1663 1674 1676 1685 1691 1692 1694 1696 1700 1701 1703 1705 1706 1709 1711 1714 1716 1718 1720 1728 1729 1735 1736 1742 1746 1749 1750 1758 1759  323
 [481] 1763 1764 1765  327  328  329 1769 1770 1771 1778 1780 1781 1782 1784 1785 1788 1789 1790 1791 1792 1794 1797  331 1801 1806 1807 1809 1811 1816 1819
 [511] 1822 1823 1825 1826 1829 1834   56   59   61   62 1838 1839 1841 1843 1844 1851 1855 1856 1857 1862 1863 1866 1876 1879 1882 1883 1884 1896 1897 1898
 [541] 1899 1900 1902 1904 1906 1907 1908 1915 1916 1919 1920 1922 1926 1939 1941 1942 1943 1952 1953 1954 1955 1961 1965 1966 1967 1971 1972 1974 1976 1984
 [571] 1985 1987 1989 1993 2005 2008 2009 2012 2014 2020 2021 2027 2031 2034 2035 2042 2044 2045 2047 2055 2056 2059 2061 2067 2074 2076 2088 2092 2093 2094
 [601] 2096 2097 2098 2099 2109 2112 2113 2115 2126 2127 2128 2129 2130 2135 2136 2139 2142 2144 2145 2146 2148 2157 2162 2164 2166 2168 2177 2178 2181 2182
 [631] 2188 2193 2197 2200 2201 2203  333  334  335  336  337  338  339  340  348  352  354  356  361   67   70   72  371  373  374  376  377  381  383  386
 [661]  389  390  416  422  429  434  436 2780 2781 2782 2783 2784 2785 2786 2787 2788 2789 2790 2794 2797 2798 2803 2804 2809 2816 2817 2818 2824 2826 2829
 [691] 2834 2835 2836 2837 2839 2840 2841 2844 2845 2847 2849 2850 2857 2859 2861 2862 2864 2875 2881 2883 2884 2886 2888 2890 2891 2893 2894 2896 2901 2904
 [721] 2906 2908 2910 2912 2913 2914 2923 2924 2925 2303 2929 2930 2931 2932 2933 2934 2935 2937 2939 2940 2942 2943 2944 2945 2946 2947 2948 2949 2206 2212
 [751] 2951 2953 2308 2310 2311 2312 2313 2954 2959 2960 2321 2971 2972 2976 2977 2978 2979 2980 2983 2986 3006 3012 2327 3014 3017 3018 3019 3020 3027 3031
 [781] 3032 3035 3036 3037 2336 2338 2339 2342 2344 3038 3039 3040 3041 2351 3043 3044 3045 2363 2366 2371 2377 2378 2379 2383 2387 2395 3054 3055 3056 3058
 [811] 3059 3062 3063 3064 3066 3068 3070 2397 3074 3075 3077 3078 3079 3083 3086 3087 3091 3094 2403 2405 3097 3098 3101 3104 3106 3107 3109 3110 3111 3114
 [841] 3116 3117 3118 3119 3120 3121 3122 3123 3124 3125 3126 3127 3129 3138 3139 3140 3145 3148 3154 3155 2416 2220 2222 3157 3159 3162 3163 2417 2422 3166
 [871] 3168 3169 3170 2423 2425 2428 2429 2432 2439 3176 2470 2471 2475 2476 2477 2480 2481 2224 2225 2226 2227 2228 2229 2230 2482 2484 2485 2490 2491 2495
 [901] 2498 2499 3178 2507 2508 2509 3181 3183 3184 3185 2235 2236 2237 2238 2239 2240 2242 2517 2518 2519 2520 2521 2522 2524 2525 2527 2528 2535 2245 2246
 [931] 2247 2248 2550 3198 2553 2555 3202 3204 3211 3218 3221 2252 3226 3231 3234 3235 3236 3237 2562 3241 3242 3243 3249 2254 2256 2258 2259 3252 3253 2261
 [961] 2263 2264 2265 3255 3260 3263 3265 2574 2575 2583 2584 3274 3275 3276 3281 3284 3285 3286 3287 3288 3293 3299 3300 3302 3310 3314 3320 3321 3322 3323
 [991] 3340 3348 3349 3351 3352 3358 3359 3360 3361 3368
 [ reached getOption("max.print") -- omitted 4689 entries ]
[1] "GAPIT.ID in process..."
[1] "Filtering SNPs with MAF..."
[1] "Calculating FDR..."
[1] "QQ plot...(NYC)"
[1] "Manhattan plot (Genomewise)...(NYC)"
[1] "GAPIT.Manhattan accomplished successfully!zw"
[1] "Manhattan plot (Chromosomewise)...(NYC)"
[1] "select 227 candidate significont markers in 1 chromosome "
[1] "select 290 candidate significont markers in 2 chromosome "
[1] "select 260 candidate significont markers in 3 chromosome "
[1] "select 245 candidate significont markers in 4 chromosome "
[1] "select 270 candidate significont markers in 5 chromosome "
[1] "select 265 candidate significont markers in 6 chromosome "
[1] "select 249 candidate significont markers in 7 chromosome "
[1] "select 49 candidate significont markers in 8 chromosome "
[1] "select 1 candidate significont markers in 9 chromosome "
[1] "manhattan plot on chromosome finished"
[1] "GAPIT.Manhattan accomplished successfully!zw"
[1] "Association table..."
[1] "Joining tvalue and stderr"
[1] "GAPIT Phenotype distribution with significant markers in process..."
[1] TRUE
[1] 5689    8
[1] "GAPIT.ID accomplished successfully for multiple traits. Results are saved"
[1] "Processing trait: PC3"
[1] "GAPIT.Phenotype.View in press..."
[1] "GAPIT.Phenotype.View output pdf has been generated successfully!"
[1] "--------------------Phenotype and Genotype ----------------------------------"
[1] "FarmCPU"
[1] TRUE
[1] "There are  1  traits in phenotype data."
[1] "There are  3042  individuals in phenotype data."
[1] "There are  17526  markers in genotype data."
[1] "Phenotype and Genotype are test OK !!"
[1] "--------------------GAPIT Logical Done----------------------------------"
[1] "GAPIT.IC in process..."
[1] "There is 0 Covariances."
[1] "There are 3042 common individuals in genotype , phenotype and CV files."
[1] "The dimension of total CV is "
[1] 3042    2
[1] 3042    2
[1] "GAPIT.IC accomplished successfully for multiple traits. Results are saved"
[1] "GAPIT.SS in process..."
[1] "GAPIT will be into GWAS approach..."
[1] "FarmCPU"
[1] "The GAPIT would go into Bus..."
[1] "--------------------- Welcome to FarmCPU ----------------------------"
[1] "FarmCPU Started..."
[1] "Current loop: 1 out of maximum of 10"
[1] "seqQTN"
NULL
[1] "scanning..."
[1] "number of covariates in current loop is:"
[1] 0
[1] "Current loop: 2 out of maximum of 10"
[1] "optimizing possible QTNs..."
[1] "seqQTN"
 [1]  3013 17465 14001 16300  5972   167  5634 10969 10291  4247 10229  6142  2574  7303 13112 16996  6450  9383  2204 15710  4420  8011  5295 15138 12542
[26]  3171 11414  8404 12026  7912
[1] "scanning..."
[1] "number of covariates in current loop is:"
[1] 30
[1] "Current loop: 3 out of maximum of 10"
[1] "optimizing possible QTNs..."
[1] "seqQTN"
 [1]  3035  7912  7303   167  4247  2574 13112  6142 10969  5634  3013 14001 10291  4420 15138 16996  2204  8404 17465 15710  5972 12542 16300  6450 11414
[26]  8011 12026  9383  5295 10229  3171
[1] "scanning..."
[1] "number of covariates in current loop is:"
[1] 31
[1] "Current loop: 4 out of maximum of 10"
[1] "optimizing possible QTNs..."
[1] "seqQTN"
 [1]  3035 13112  3013  2574 14001  7912 15138  4247  7303  6142 17465   167 15710 16996  4420 11414  5634  2204  6450  8011 12026  5295 10229 16300 12542
[26]  9383  5972 10969  8404 10291  3171
[1] "scanning..."
[1] "number of covariates in current loop is:"
[1] 31
[1] "**********FarmCPU ACCOMPLISHED SUCCESSFULLY**********"
[1] "Calculating Kansas GWAS result..."
[1] "FarmCPU has been done succeedly!!"
   [1]  441    1    2    5   10   77  461   11   14   17  482  487   24  488   26   27  503  510  511  512  513  527  531   84   85  550  559  560   88  572
  [31]  573  574  585  103  587   30  112  114  116  125  127  138  141  145  610  620  153  156  160  621  627  628  634  635  167  168  637  652  653  655
  [61]  662  663  667  668  671  672  184  675  680  200  201  687  688   38  701  705  707  708  709  711  712  717  728  730  734  745  747  752  773  785
  [91]  793  801  802  809  816  817  822  825  832  834  836  839  842  848  849  854  859  866  868  883  885  886  889  904  925  928  217  948  951  953
 [121]  954  956  962  963  964  966  980  985  986  989  221  223 1007 1011 1012 1013 1015 1016 1017 1018 1019  224 1023 1025 1032 1033 1041 1047 1049 1053
 [151] 1054 1059 1067  232  233  235  246  247  250 1077 1085 1100  257 1102 1105 1110 1115 1116 1118 1120 1124 1125 1128  263  266 1130 1131 1132 1136 1145
 [181] 1153 1155 1156 1157 1161 1164 1168 1169 1170 1181 1195 1196 1198 1200 1202 1203 1204 1205 1209 1210 1211 1212 1213 1220 1221 1228 1229 1236 1237 1239
 [211] 1242 1245 1257 1263 1264 1269  277  278 1273 1275 1279 1280 1281 1285 1288 1290 1292 1296  281 1306 1308 1310  288  289 1319 1325   47 1327 1330 1334
 [241] 1335 1341 1353 1356 1357 1359 1360 1367 1369 1372 1373 1374 1384 1396 1398 1399 1411  291  294 1412 1413 1417 1418 1420 1421 1422 1423 1424 1425 1427
 [271] 1428 1438 1439 1442 1445 1457 1459 1460 1461 1464 1465 1466 1467 1475 1476 1478 1479 1481 1482 1486 1487 1490 1491 1492 1493 1495 1511  297  299 1515
 [301] 1523 1524 1526 1534 1540 1542 1546 1562 1563 1568 1571 1579 1580 1581 1582 1584 1587 1588 1589 1590 1594 1602 1603 1604 1606 1607 1619 1632 1641 1642
 [331] 1643  317 1653 1656 1674  318 1683 1684 1696 1701 1714 1717 1734 1739 1743 1749 1762  326  327  328  329 1792 1793 1794 1796  331 1803 1807 1818 1828
 [361]   56 1844 1845 1855 1856 1857 1870 1877 1884 1895 1903 1904 1906 1907 1908 1910 1912 1913 1914 1915 1916 1932 1934 1943 1948 1956 1966 1970 1973 2004
 [391] 2015 2031 2034 2035 2038 2044 2048 2062 2064 2065 2073 2085 2088 2093 2094 2096 2097 2098 2099 2101 2102 2103 2104 2109 2120 2127 2128 2145 2148 2158
 [421] 2159 2160 2161 2165 2168 2178 2181 2188 2193 2198 2201  332  336  337  338  339  340  341  344  349  356  360  363  365  371  373  375  376  377  382
 [451]  383  384  385  389  413  429 2779 2780 2792 2815 2819 2820 2821 2822 2827 2835 2843 2852 2857 2859 2861 2862 2870 2871 2874 2876 2880 2884 2890 2891
 [481] 2892 2895 2905 2907 2908 2910 2912 2913 2925 2926 2928 2931 2206 2207 2212 2951 2309 2311 2312 2313 2959 2960 2968 2970 2321 2971 2973 2974 2975 2976
 [511] 2978 2979 2981 2984 2986 2987 3005 3013 2324 2327 3015 3031 3032 3035 3036 3037 2339 2340 2342 2346 3041 3045 2361 2363 2364 2371 2372 2373 2374 2377
 [541] 2378 2379 2381 3047 3050 3051 3052 2393 2395 3054 3055 3056 3062 3063 3064 3065 3074 3075 2400 2401 2402 2404 2406 3098 3104 3105 3108 3112 3113 3114
 [571] 3119 3122 3123 3124 3125 3126 3128 3132 3133 3138 3140 2409 2414 2214 3153 2415 2222 2419 3171 2423 3174 2433 2437 2438 2439 2440 3175 2224 2225 2227
 [601] 2230 2231 2232 2485 2490 2491 2493 2494 2495 3178 2506 3180 3181 3182 3184 2234 2235 2524 2525 2528 2243 2204 2245 2246 2247 2541 2543 3197 3199 2555
 [631] 3202 3204 2250 3218 2252 3234 3236 3237 3238 2562 2568 2254 2257 2258 2573 3251 2265 2272 3264 2574 2575 2576 2577 2579 2580 2581 2584 3269 3274 3275
 [661] 3276 3281 3284 3285 3301 3311 3325 3326 3335 3336 3340 3341 3351 3352 3353 3360 3375 3378 3381 3383 3391 3393 3394 3395 3400 3404 3405 3408 3414 3422
 [691] 3424 3431 3434 3435 3436 3438 3442 3446 3448 3449 3451 3454 3455 2588 3460 3461 3462 3463 3465 3468 3469 3471 3475 3480 3481 3482 3491 3492 3494 3495
 [721] 3496 3497 2591 2596 2604 2608 3504 3506 3507 3510 3513 3514 3515 3518 3528 3529 3532 3536 3546 3562 3582 3583 3584 3586 3587 3591 3594 3597 3603 3607
 [751] 3621 3625 3626 3627 3628 2633 2634 2636 3638 3639 3642 3651 3652 3657 3670 3673 3674 3675 3676 3677 3679 3684 3685 3686 2639 3696 3702 3704 3708 3712
 [781] 3714 3715 2656 3723 3732 2657 2658 3747 3762 3763 3764 3765 3778 3785 3786 3791 3801 3802 3803 3804 3805 3811 3818 3819 3820 3824 3825 3827 3835 2670
 [811] 3842 3843 3845 3847 3852 3853 3854 2677 3866 3867 2682 3874 3875 3878 3887 2689 2690 2691 2692 2693 2694 2695 2696 2698 3891 3893 3894 3899 3901 3902
 [841] 3903 3908 3910 3917 3922 3924 3929 3936 3940 3943 3944 3945 3949 3950 3951 3965 3966 3974 3982 3993 3997 3998 3999 4000 4001 4002 4003 4004 4005 4006
 [871] 4009 4012 4014 4015 4016 4021 4022 4026 4028 4029 4035 4036 4037 4042 4044 4045 4051 2713 2726 2727 2728 2729 2730 2731 4054 4058 4063 4064 4065 4066
 [901] 4068 4069 4073 4082 4085 4088 4096 4097 4099 4106 4108 4109 4110 4113 4114 4123 4124 4128 4130 4133 4138 4141 4142 4143 4144 4145 4146 4147 4148 4149
 [931] 4150 4154 4169 4173 4174 4175 4176 4177 4196 4197 4204 4207 4209 4213 4222 4224 4229 4236 4237 4239 4240 4247 4249 4250 4258 4259 4262 4264 4265 4266
 [961] 4267 4277 4278 4281 4282 4283 4289 4290 4291 4297 4298 4299 4300 4317 4318 4319 4320 4321 4323 4325 4326 4327 4328 4329 4338 4339 4346 4351 4353 4358
 [991] 4379 4381 4385 4392 4395 4397 4400 4401 4420 4431
 [ reached getOption("max.print") -- omitted 2892 entries ]
[1] "GAPIT.ID in process..."
[1] "Filtering SNPs with MAF..."
[1] "Calculating FDR..."
[1] "QQ plot...(NYC)"
[1] "Manhattan plot (Genomewise)...(NYC)"
[1] "GAPIT.Manhattan accomplished successfully!zw"
[1] "Manhattan plot (Chromosomewise)...(NYC)"
[1] "select 190 candidate significont markers in 1 chromosome "
[1] "select 256 candidate significont markers in 2 chromosome "
[1] "select 225 candidate significont markers in 3 chromosome "
[1] "select 230 candidate significont markers in 4 chromosome "
[1] "select 219 candidate significont markers in 5 chromosome "
[1] "select 221 candidate significont markers in 6 chromosome "
[1] "select 196 candidate significont markers in 7 chromosome "
[1] "select 50 candidate significont markers in 8 chromosome "
[1] "select 1 candidate significont markers in 9 chromosome "
[1] "manhattan plot on chromosome finished"
[1] "GAPIT.Manhattan accomplished successfully!zw"
[1] "Association table..."
[1] "Joining tvalue and stderr"
[1] "GAPIT Phenotype distribution with significant markers in process..."
[1] TRUE
[1] 3892    8
[1] "GAPIT.ID accomplished successfully for multiple traits. Results are saved"
[1] "GAPIT accomplished successfully for multiple traits. Result are saved"
[1] "Reading GWAS result with FarmCPU.PC1(NYC)"
[1] "Reading GWAS result with FarmCPU.PC2(NYC)"
[1] "Reading GWAS result with FarmCPU.PC3(NYC)"
GAPIT error (ignored): ungültiger Wert für den Grafikparameter "yaxp" spezifiziert
