PLINK v1.9.0-b.8 64-bit (22 Oct 2024)
Options in effect:
  --allow-extra-chr
  --double-id
  --make-bed
  --out /home/mie/Schreibtisch/Unistuff/Master/Semester2/Forschungsgruppenpraktikum_Steven/Test_Git/data/bed_PLINK/maf.01_minDP20_maxDP100_minQ40_missing.90.splitted
  --vcf /home/mie/Schreibtisch/Unistuff/Master/Semester2/Forschungsgruppenpraktikum_Steven/Test_Git/data/vcftools/maf.01_minDP20_maxDP100_minQ40_missing.90.splitted.vcf

Hostname: Ass-pire
Working directory: /home/mie/Schreibtisch/Unistuff/Master/Semester2/Forschungsgruppenpraktikum_Steven/Test_Git
Start time: Wed Dec 31 17:35:05 2025

Random number seed: 1767198905
14881 MB RAM detected; reserving 7440 MB for main workspace.
--vcf:
/home/mie/Schreibtisch/Unistuff/Master/Semester2/Forschungsgruppenpraktikum_Steven/Test_Git/data/bed_PLINK/maf.01_minDP20_maxDP100_minQ40_missing.90.splitted-temporary.bed
+
/home/mie/Schreibtisch/Unistuff/Master/Semester2/Forschungsgruppenpraktikum_Steven/Test_Git/data/bed_PLINK/maf.01_minDP20_maxDP100_minQ40_missing.90.splitted-temporary.bim
+
/home/mie/Schreibtisch/Unistuff/Master/Semester2/Forschungsgruppenpraktikum_Steven/Test_Git/data/bed_PLINK/maf.01_minDP20_maxDP100_minQ40_missing.90.splitted-temporary.fam
written.
18812 variants loaded from .bim file.
3042 people (0 males, 0 females, 3042 ambiguous) loaded from .fam.
Ambiguous sex IDs written to
/home/mie/Schreibtisch/Unistuff/Master/Semester2/Forschungsgruppenpraktikum_Steven/Test_Git/data/bed_PLINK/maf.01_minDP20_maxDP100_minQ40_missing.90.splitted.nosex
.
Using 1 thread (no multithreaded calculations invoked).
Before main variant filters, 3042 founders and 0 nonfounders present.
Calculating allele frequencies... done.
Total genotyping rate is 0.97773.
18812 variants and 3042 people pass filters and QC.
Note: No phenotypes present.
--make-bed to
/home/mie/Schreibtisch/Unistuff/Master/Semester2/Forschungsgruppenpraktikum_Steven/Test_Git/data/bed_PLINK/maf.01_minDP20_maxDP100_minQ40_missing.90.splitted.bed
+
/home/mie/Schreibtisch/Unistuff/Master/Semester2/Forschungsgruppenpraktikum_Steven/Test_Git/data/bed_PLINK/maf.01_minDP20_maxDP100_minQ40_missing.90.splitted.bim
+
/home/mie/Schreibtisch/Unistuff/Master/Semester2/Forschungsgruppenpraktikum_Steven/Test_Git/data/bed_PLINK/maf.01_minDP20_maxDP100_minQ40_missing.90.splitted.fam
... done.

End time: Wed Dec 31 17:35:08 2025
