****                   ADMIXTURE Version 1.3.0                  ****
****                    Copyright 2008-2015                     ****
****           David Alexander, Suyash Shringarpure,            ****
****                John  Novembre, Ken Lange                   ****
****                                                            ****
****                 Please cite our paper!                     ****
****   Information at www.genetics.ucla.edu/software/admixture  ****

Cross-validation will be performed.  Folds=5.
Random seed: 43
Point estimation method: Block relaxation algorithm
Convergence acceleration algorithm: QuasiNewton, 3 secant conditions
Point estimation will terminate when objective function delta < 0.0001
Estimation of standard errors disabled; will compute point estimates only.
Size of G: 3042x21548
Performing five EM steps to prime main algorithm
1 (EM) 	Elapsed: 6.699	Loglikelihood: -4.60227e+07	(delta): 5.47809e+07
2 (EM) 	Elapsed: 5.179	Loglikelihood: -4.42884e+07	(delta): 1.73437e+06
3 (EM) 	Elapsed: 5.147	Loglikelihood: -4.38944e+07	(delta): 394003
4 (EM) 	Elapsed: 5.124	Loglikelihood: -4.36788e+07	(delta): 215579
5 (EM) 	Elapsed: 5.217	Loglikelihood: -4.35412e+07	(delta): 137583
Initial loglikelihood: -4.35412e+07
Starting main algorithm
1 (QN/Block) 	Elapsed: 13.773	Loglikelihood: -4.20677e+07	(delta): 1.47352e+06
2 (QN/Block) 	Elapsed: 11.615	Loglikelihood: -4.15364e+07	(delta): 531295
3 (QN/Block) 	Elapsed: 14.282	Loglikelihood: -4.12261e+07	(delta): 310301
4 (QN/Block) 	Elapsed: 14.317	Loglikelihood: -4.09772e+07	(delta): 248883
5 (QN/Block) 	Elapsed: 15.885	Loglikelihood: -4.0704e+07	(delta): 273191
6 (QN/Block) 	Elapsed: 14.664	Loglikelihood: -4.06036e+07	(delta): 100383
7 (QN/Block) 	Elapsed: 13.177	Loglikelihood: -4.05366e+07	(delta): 67017.1
8 (QN/Block) 	Elapsed: 13.362	Loglikelihood: -4.05066e+07	(delta): 30044.1
9 (QN/Block) 	Elapsed: 13.221	Loglikelihood: -4.04982e+07	(delta): 8320.94
10 (QN/Block) 	Elapsed: 14.907	Loglikelihood: -4.04958e+07	(delta): 2396.84
11 (QN/Block) 	Elapsed: 13.06	Loglikelihood: -4.04949e+07	(delta): 898.049
12 (QN/Block) 	Elapsed: 14.033	Loglikelihood: -4.04947e+07	(delta): 280.563
13 (QN/Block) 	Elapsed: 13.233	Loglikelihood: -4.04946e+07	(delta): 81.9936
14 (QN/Block) 	Elapsed: 14.828	Loglikelihood: -4.04945e+07	(delta): 38.7764
15 (QN/Block) 	Elapsed: 15.03	Loglikelihood: -4.04945e+07	(delta): 7.24495
16 (QN/Block) 	Elapsed: 13.625	Loglikelihood: -4.04945e+07	(delta): 0.362953
17 (QN/Block) 	Elapsed: 13.307	Loglikelihood: -4.04945e+07	(delta): 0.131611
18 (QN/Block) 	Elapsed: 13.145	Loglikelihood: -4.04945e+07	(delta): 0.0349283
19 (QN/Block) 	Elapsed: 14.986	Loglikelihood: -4.04945e+07	(delta): 0.0106439
20 (QN/Block) 	Elapsed: 13.078	Loglikelihood: -4.04945e+07	(delta): 0.00609715
21 (QN/Block) 	Elapsed: 14.022	Loglikelihood: -4.04945e+07	(delta): 0.0061043
22 (QN/Block) 	Elapsed: 12.971	Loglikelihood: -4.04945e+07	(delta): 0.00735348
23 (QN/Block) 	Elapsed: 14.818	Loglikelihood: -4.04945e+07	(delta): 0.00121593
24 (QN/Block) 	Elapsed: 13.743	Loglikelihood: -4.04945e+07	(delta): 0.000509448
25 (QN/Block) 	Elapsed: 13.139	Loglikelihood: -4.04945e+07	(delta): 0.000317849
26 (QN/Block) 	Elapsed: 13.747	Loglikelihood: -4.04945e+07	(delta): 0.000122629
27 (QN/Block) 	Elapsed: 13.076	Loglikelihood: -4.04945e+07	(delta): 2.07201e-05
Summary: 
Converged in 27 iterations (421.796 sec)
Loglikelihood: -40494529.139887
Fst divergences between estimated populations: 
	Pop0	Pop1	
Pop0	
Pop1	0.288	
Pop2	0.088	0.229	
CV error (K=3): 0.37469
Writing output files.
