/home/mie/miniconda3/envs/ASeq/share/tassel-5.2.89-0/lib/protobuf-java-util-3.23.0.jar:/home/mie/miniconda3/envs/ASeq/share/tassel-5.2.89-0/lib/protobuf-kotlin-3.23.0.jar:/home/mie/miniconda3/envs/ASeq/share/tassel-5.2.89-0/lib/json-simple-1.1.1.jar:/home/mie/miniconda3/envs/ASeq/share/tassel-5.2.89-0/lib/scala-library-2.10.1.jar:/home/mie/miniconda3/envs/ASeq/share/tassel-5.2.89-0/lib/kotlin-reflect-1.6.10.jar:/home/mie/miniconda3/envs/ASeq/share/tassel-5.2.89-0/lib/ejml-core-0.41.jar:/home/mie/miniconda3/envs/ASeq/share/tassel-5.2.89-0/lib/jackson-databind-2.13.2.2.jar:/home/mie/miniconda3/envs/ASeq/share/tassel-5.2.89-0/lib/postgresql-9.4-1201.jdbc41.jar:/home/mie/miniconda3/envs/ASeq/share/tassel-5.2.89-0/lib/kotlin-stdlib-jdk7-1.6.10.jar:/home/mie/miniconda3/envs/ASeq/share/tassel-5.2.89-0/lib/log4j-1.2.13.jar:/home/mie/miniconda3/envs/ASeq/share/tassel-5.2.89-0/lib/trove-3.0.3.jar:/home/mie/miniconda3/envs/ASeq/share/tassel-5.2.89-0/lib/biojava-phylo-4.2.12.jar:/home/mie/miniconda3/envs/ASeq/share/tassel-5.2.89-0/lib/commons-math3-3.4.1.jar:/home/mie/miniconda3/envs/ASeq/share/tassel-5.2.89-0/lib/jackson-core-2.13.2.jar:/home/mie/miniconda3/envs/ASeq/share/tassel-5.2.89-0/lib/ahocorasick-0.2.4.jar:/home/mie/miniconda3/envs/ASeq/share/tassel-5.2.89-0/lib/jhdf5-14.12.5.jar:/home/mie/miniconda3/envs/ASeq/share/tassel-5.2.89-0/lib/error_prone_annotations-2.19.1.jar:/home/mie/miniconda3/envs/ASeq/share/tassel-5.2.89-0/lib/kotlin-stdlib-jdk8-1.6.10.jar:/home/mie/miniconda3/envs/ASeq/share/tassel-5.2.89-0/lib/jfreesvg-3.2.jar:/home/mie/miniconda3/envs/ASeq/share/tassel-5.2.89-0/lib/gs-ui-1.3.jar:/home/mie/miniconda3/envs/ASeq/share/tassel-5.2.89-0/lib/colt-1.2.0.jar:/home/mie/miniconda3/envs/ASeq/share/tassel-5.2.89-0/lib/biojava-core-6.0.4.jar:/home/mie/miniconda3/envs/ASeq/share/tassel-5.2.89-0/lib/mail-1.4.jar:/home/mie/miniconda3/envs/ASeq/share/tassel-5.2.89-0/lib/slf4j-simple-1.7.10.jar:/home/mie/miniconda3/envs/ASeq/share/tassel-5.2.89-0/lib/kotlinx-coroutines-core-jvm-1.6.0.jar:/home/mie/miniconda3/envs/ASeq/share/tassel-5.2.89-0/lib/slf4j-api-1.7.10.jar:/home/mie/miniconda3/envs/ASeq/share/tassel-5.2.89-0/lib/sqlite-jdbc-3.39.2.1.jar:/home/mie/miniconda3/envs/ASeq/share/tassel-5.2.89-0/lib/commons-codec-1.10.jar:/home/mie/miniconda3/envs/ASeq/share/tassel-5.2.89-0/lib/guava-22.0.jar:/home/mie/miniconda3/envs/ASeq/share/tassel-5.2.89-0/lib/jfreechart-1.0.19.jar:/home/mie/miniconda3/envs/ASeq/share/tassel-5.2.89-0/lib/phg.jar:/home/mie/miniconda3/envs/ASeq/share/tassel-5.2.89-0/lib/biojava-alignment-6.0.4.jar:/home/mie/miniconda3/envs/ASeq/share/tassel-5.2.89-0/lib/junit-4.10.jar:/home/mie/miniconda3/envs/ASeq/share/tassel-5.2.89-0/lib/commons-io-2.11.0.jar:/home/mie/miniconda3/envs/ASeq/share/tassel-5.2.89-0/lib/snappy-java-1.1.8.4.jar:/home/mie/miniconda3/envs/ASeq/share/tassel-5.2.89-0/lib/kotlin-stdlib-1.6.10.jar:/home/mie/miniconda3/envs/ASeq/share/tassel-5.2.89-0/lib/sshj-0.32.0.jar:/home/mie/miniconda3/envs/ASeq/share/tassel-5.2.89-0/lib/protobuf-java-3.23.0.jar:/home/mie/miniconda3/envs/ASeq/share/tassel-5.2.89-0/lib/jackson-annotations-2.13.2.jar:/home/mie/miniconda3/envs/ASeq/share/tassel-5.2.89-0/lib/javax.json-1.0.4.jar:/home/mie/miniconda3/envs/ASeq/share/tassel-5.2.89-0/lib/jcommon-1.0.23.jar:/home/mie/miniconda3/envs/ASeq/share/tassel-5.2.89-0/lib/itextpdf-5.1.0.jar:/home/mie/miniconda3/envs/ASeq/share/tassel-5.2.89-0/lib/gs-core-1.3.jar:/home/mie/miniconda3/envs/ASeq/share/tassel-5.2.89-0/lib/ejml-ddense-0.41.jar:/home/mie/miniconda3/envs/ASeq/share/tassel-5.2.89-0/lib/forester-1.039.jar:/home/mie/miniconda3/envs/ASeq/share/tassel-5.2.89-0/lib/htsjdk-2.24.1.jar:/home/mie/miniconda3/envs/ASeq/share/tassel-5.2.89-0/lib/jackson-module-kotlin-2.13.2.jar:/home/mie/miniconda3/envs/ASeq/share/tassel-5.2.89-0/lib/ini4j-0.5.4.jar:/home/mie/miniconda3/envs/ASeq/share/tassel-5.2.89-0/lib/biojava-genome-6.0.4.jar:/home/mie/miniconda3/envs/ASeq/share/tassel-5.2.89-0/lib/fastutil-8.2.2.jar:/home/mie/miniconda3/envs/ASeq/share/tassel-5.2.89-0/sTASSEL.jar
Memory Settings: -Xms512m -Xmx5g
Tassel Pipeline Arguments: -fork1 -vcf /home/mie/Schreibtisch/Unistuff/Master/Semester2/Forschungsgruppenpraktikum_Steven/Test_Git/data/vcftools/maf.01_minDP20_maxDP100_minQ40_missing.90.biallelic.vcf -sortPositions -ImputationPlugin -ByMean true -endPlugin -export /home/mie/Schreibtisch/Unistuff/Master/Semester2/Forschungsgruppenpraktikum_Steven/Test_Git/data/hmp_TASSEL/mygenotypes -exportType Hapmap
[main] INFO net.maizegenetics.tassel.TasselLogging - Tassel Version: 5.2.89  Date: May 19, 2023
[main] INFO net.maizegenetics.tassel.TasselLogging - Max Available Memory Reported by JVM: 5120 MB
[main] INFO net.maizegenetics.tassel.TasselLogging - Java Version: 17.0.11-internal
[main] INFO net.maizegenetics.tassel.TasselLogging - OS: Linux
[main] INFO net.maizegenetics.tassel.TasselLogging - Number of Processors: 8
[main] INFO net.maizegenetics.tassel.TasselLogging - Tassel Citation: Bradbury PJ, Zhang Z, Kroon DE, Casstevens TM, Ramdoss Y, Buckler ES. (2007) TASSEL: Software for association mapping of complex traits in diverse samples. Bioinformatics 23:2633-2635.
[main] INFO net.maizegenetics.tassel.TasselLogging -
[main] INFO net.maizegenetics.tassel.TasselLogging - Tassel Using Library: Practical Haplotype Graph (PHG): Version: 1.5 Date: May 19, 2023
[main] INFO net.maizegenetics.tassel.TasselLogging - PHG Citation: Bradbury PJ, Casstevens T, Jensen SE, Johnson LC, Miller ZR, Monier B, Romay MC, Song B, Buckler ES. The Practical Haplotype Graph, a platform for storing and using pangenomes for imputation. Bioinformatics. 2022 Aug 2;38(15):3698-3702. doi: 10.1093/bioinformatics/btac410. PMID: 35748708; PMCID: PMC9344836.
[main] INFO net.maizegenetics.pipeline.TasselPipeline - Tassel Pipeline Arguments: [-fork1, -vcf, /home/mie/Schreibtisch/Unistuff/Master/Semester2/Forschungsgruppenpraktikum_Steven/Test_Git/data/vcftools/maf.01_minDP20_maxDP100_minQ40_missing.90.biallelic.vcf, -sortPositions, -ImputationPlugin, -ByMean, true, -endPlugin, -export, /home/mie/Schreibtisch/Unistuff/Master/Semester2/Forschungsgruppenpraktikum_Steven/Test_Git/data/hmp_TASSEL/mygenotypes, -exportType, Hapmap]
[pool-1-thread-1] INFO net.maizegenetics.plugindef.AbstractPlugin - Starting net.maizegenetics.analysis.data.FileLoadPlugin: time: Dez. 31, 2025 17:45:52
[pool-1-thread-1] INFO net.maizegenetics.plugindef.AbstractPlugin -
FileLoadPlugin Parameters
format: VCF
sortPositions: true
keepDepth: false

[pool-1-thread-1] INFO net.maizegenetics.analysis.data.FileLoadPlugin - Start Loading File: /home/mie/Schreibtisch/Unistuff/Master/Semester2/Forschungsgruppenpraktikum_Steven/Test_Git/data/vcftools/maf.01_minDP20_maxDP100_minQ40_missing.90.biallelic.vcf time: Dez. 31, 2025 17:45:52
[pool-1-thread-1] INFO net.maizegenetics.pipeline.TasselPipeline - net.maizegenetics.analysis.data.FileLoadPlugin: time: Dez. 31, 2025 17:46:3: progress: 20%
[pool-1-thread-1] INFO net.maizegenetics.pipeline.TasselPipeline - net.maizegenetics.analysis.data.FileLoadPlugin: time: Dez. 31, 2025 17:46:7: progress: 40%
[pool-1-thread-1] INFO net.maizegenetics.pipeline.TasselPipeline - net.maizegenetics.analysis.data.FileLoadPlugin: time: Dez. 31, 2025 17:46:7: progress: 60%
[pool-1-thread-1] INFO net.maizegenetics.pipeline.TasselPipeline - net.maizegenetics.analysis.data.FileLoadPlugin: time: Dez. 31, 2025 17:46:7: progress: 80%
[pool-1-thread-1] INFO net.maizegenetics.pipeline.TasselPipeline - net.maizegenetics.analysis.data.FileLoadPlugin: time: Dez. 31, 2025 17:46:7: progress: 100%
[pool-1-thread-1] INFO net.maizegenetics.plugindef.AbstractPlugin - net.maizegenetics.analysis.data.FileLoadPlugin  Citation: Bradbury PJ, Zhang Z, Kroon DE, Casstevens TM, Ramdoss Y, Buckler ES. (2007) TASSEL: Software for association mapping of complex traits in diverse samples. Bioinformatics 23:2633-2635.
[pool-1-thread-1] INFO net.maizegenetics.dna.map.PositionListBuilder - validateOrdering: Position       Chr:B   Pos:301356962   InsertionPos:0  Name:SB_301356962       Variants:G/A    MAF:NaN Ref:G and Position      Chr:UN  Pos:491376054       InsertionPos:0  Name:SUN_491376054      Variants:A/C    MAF:NaN Ref:A out of order.
BuilderFromVCF data timing 14,8182s
[pool-1-thread-1] INFO net.maizegenetics.analysis.data.FileLoadPlugin - Finished Loading File: /home/mie/Schreibtisch/Unistuff/Master/Semester2/Forschungsgruppenpraktikum_Steven/Test_Git/data/vcftools/maf.01_minDP20_maxDP100_minQ40_missing.90.biallelic.vcf time: Dez. 31, 2025 17:46:7
Genotype Table Name: maf.01_minDP20_maxDP100_minQ40_missing.90
Number of Taxa: 3042
Number of Sites: 17526
Sites x Taxa: 53314092
Chromosomes...
1R: start site: 0 (1005012) last site: 2202 (727146719) total: 2203
2R: start site: 2203 (412250) last site: 4929 (945773743) total: 2727
3R: start site: 4930 (158951) last site: 7257 (964303774) total: 2328
4R: start site: 7258 (1575974) last site: 9888 (904159910) total: 2631
5R: start site: 9889 (1525677) last site: 12258 (874891587) total: 2370
6R: start site: 12259 (147230) last site: 14847 (881426325) total: 2589
7R: start site: 14848 (95921) last site: 16978 (899764359) total: 2131
B: start site: 16979 (301356962) last site: 16991 (301357056) total: 13
UN: start site: 16992 (12970) last site: 17525 (491376054) total: 534

[pool-1-thread-1] INFO net.maizegenetics.plugindef.AbstractPlugin - Finished net.maizegenetics.analysis.data.FileLoadPlugin: time: Dez. 31, 2025 17:46:7
[pool-1-thread-1] INFO net.maizegenetics.plugindef.AbstractPlugin - Starting net.maizegenetics.analysis.numericaltransform.ImputationPlugin: time: Dez. 31, 2025 17:46:7
[pool-1-thread-1] INFO net.maizegenetics.plugindef.AbstractPlugin -
ImputationPlugin Parameters
ByMean: true
nearestNeighbors: 5
distance: Euclidean

[pool-1-thread-1] INFO net.maizegenetics.plugindef.AbstractPlugin - Finished net.maizegenetics.analysis.numericaltransform.ImputationPlugin: time: Dez. 31, 2025 17:46:16
[pool-1-thread-1] INFO net.maizegenetics.plugindef.AbstractPlugin - Starting net.maizegenetics.analysis.data.ExportPlugin: time: Dez. 31, 2025 17:46:16
[pool-1-thread-1] INFO net.maizegenetics.plugindef.AbstractPlugin -
ExportPlugin Parameters
saveAs: /home/mie/Schreibtisch/Unistuff/Master/Semester2/Forschungsgruppenpraktikum_Steven/Test_Git/data/hmp_TASSEL/mygenotypes
format: Hapmap
keepDepth: true
includeTaxaAnnotations: true
includeBranchLengths: true

[pool-1-thread-1] INFO net.maizegenetics.analysis.data.ExportPlugin - performFunction: wrote dataset: Imputed_maf.01_minDP20_maxDP100_minQ40_missing.90 to file: /home/mie/Schreibtisch/Unistuff/Master/Semester2/Forschungsgruppenpraktikum_Steven/Test_Git/data/hmp_TASSEL/mygenotypes.hmp.txt
[pool-1-thread-1] INFO net.maizegenetics.plugindef.AbstractPlugin - Finished net.maizegenetics.analysis.data.ExportPlugin: time: Dez. 31, 2025 17:46:18
[pool-1-thread-1] INFO net.maizegenetics.pipeline.TasselPipeline - net.maizegenetics.analysis.numericaltransform.ImputationPlugin: time: Dez. 31, 2025 17:46:18: progress: 100%
[pool-1-thread-1] INFO net.maizegenetics.pipeline.TasselPipeline - net.maizegenetics.analysis.data.FileLoadPlugin: time: Dez. 31, 2025 17:46:18: progress: 100%

