[1] "--------------------- Welcome to GAPIT ----------------------------"
[1] "FarmCPU"
[1] "--------------------Processing traits----------------------------------"
[1] "Phenotype provided!"
[1] "The 1 model in all."
[1] "FarmCPU"
[1] "GAPIT.DP in process..."
[1] "Converting genotype..."
[1] "Converting HapMap format to numerical under model of Middle"
[1] "Perform numericalization"
[1] "Succesfuly finished converting HapMap which has bits of 1"
[1] "Converting genotype done."
[1] "GAPIT will filter marker with MAF setting !!"
[1] "The markers will be filtered by SNP.MAF: 0"
maf_index
 TRUE 
20048 
NULL
[1] "GAPIT.DP accomplished successfully for multiple traits. Results are saved"
[1] "Processing trait: PC1"
[1] "--------------------Phenotype and Genotype ----------------------------------"
[1] "FarmCPU"
[1] TRUE
[1] "There are  1  traits in phenotype data."
[1] "There are  3042  individuals in phenotype data."
[1] "There are  20048  markers in genotype data."
[1] "Phenotype and Genotype are test OK !!"
[1] "--------------------GAPIT Logical Done----------------------------------"
[1] "GAPIT.IC in process..."
[1] "There is 0 Covariances."
[1] "There are 3042 common individuals in genotype , phenotype and CV files."
[1] "The dimension of total CV is "
[1] 3042    2
[1] 3042    2
[1] "GAPIT.IC accomplished successfully for multiple traits. Results are saved"
[1] "GAPIT.SS in process..."
[1] "GAPIT will be into GWAS approach..."
[1] "FarmCPU"
[1] "The GAPIT would go into Bus..."
[1] "--------------------- Welcome to FarmCPU ----------------------------"
[1] "FarmCPU Started..."
[1] "Current loop: 1 out of maximum of 10"
[1] "seqQTN"
NULL
[1] "scanning..."
[1] "number of covariates in current loop is:"
[1] 0
[1] "Current loop: 2 out of maximum of 10"
[1] "optimizing possible QTNs..."
[1] "seqQTN"
 [1]  174  321  626  651  674  820 1019 1142 1275 1506 1914 2214 2826 3039 3220 3329 3408 4766 5439 6257
[1] "scanning..."
[1] "number of covariates in current loop is:"
[1] 20
[1] "Current loop: 3 out of maximum of 10"
[1] "optimizing possible QTNs..."
[1] "seqQTN"
 [1] 12045 11824  8698  3495  3796  3323 14269 16290  3408  1506   674  5439   321   174  6257   820  1142  1275  3039  1914  4766
[22]   626
[1] "scanning..."
[1] "number of covariates in current loop is:"
[1] 22
[1] "Current loop: 4 out of maximum of 10"
[1] "optimizing possible QTNs..."
[1] "seqQTN"
 [1]  3495  3266 19195 11689 11583 15669 15706 11606 11680 19936  6335  5985  3260 19262 11026 14764 12228  8692  8731  1829   674
[22] 12863 12380 14022  6400 13372  3443 18519  6257  3408   174  1506  1914  1275   321  5439  8698   820  1142  4766 12045  3039
[43]  3323 14269   626  3796 16290 11824
[1] "scanning..."
[1] "number of covariates in current loop is:"
[1] 48
[1] "Current loop: 5 out of maximum of 10"
[1] "optimizing possible QTNs..."
[1] "seqQTN"
 [1]  3495  6556  6257  8698  5439   174   674 12045 14022  5985 18519 19262  3796 13372  3408 14269  3039  3323 16290 15669  8731
[22] 12380   321  6335 11824 19195 15706  6400  3443  1829 11583 11689 14764 12228  1914  8692  3260 12863 11680  3266 19936 11606
[43] 11026
[1] "scanning..."
[1] "number of covariates in current loop is:"
[1] 43
[1] "Current loop: 6 out of maximum of 10"
[1] "optimizing possible QTNs..."
[1] "seqQTN"
 [1]  3495  9038  6556  6257  8698   174   674 16290  3408  3796 12045 15669 14022  3039   321 13372 18519  5985 19262  6335  3323
[22] 11680 14269  1829  1914 19195 12380 11583  8731 11824  6400  8692 14764  3443 11689 12228 19936 15706  3266 11606  3260 12863
[43] 11026
[1] "scanning..."
[1] "number of covariates in current loop is:"
[1] 43
[1] "Current loop: 7 out of maximum of 10"
[1] "optimizing possible QTNs..."
[1] "seqQTN"
 [1]  3495  9038 12857  8698  6257 16290 12380   674  3408   321  5985 18519 14022 13372  3039 19262  8731  6335 12045 15669  3323
[22] 14269 11824  3796  6400 12228 11689 11583 14764  1829 15706  3443 19195  3266 11680  1914  8692 12863 19936 11606  3260 11026
[1] "scanning..."
[1] "number of covariates in current loop is:"
[1] 42
[1] "Current loop: 8 out of maximum of 10"
[1] "optimizing possible QTNs..."
[1] "seqQTN"
 [1]  3495  9038 12857  8698  6257 16290 14022 18519   674  5985  8731 12380 19262 12045 11824 13372   321  3039  6335 11689  3408
[22]  6400 11583  1829  3266 14269 12228  3796  3323 15706 14764  8692  3443 11680  1914 12863 19195 15669 11606 19936  3260 11026
[1] "scanning..."
[1] "number of covariates in current loop is:"
[1] 42
[1] "**********FarmCPU ACCOMPLISHED SUCCESSFULLY**********"
[1] "Calculating Kansas GWAS result..."
[1] "FarmCPU has been done succeedly!!"
   [1]  505  526  539  113  593  609  626  627  632  658  138  173  174  674  679  689  690  698  717  733  735  742  238  239  240
  [26]  241  242  244  754  796  797  820  821  869  877  890  892  893  257  934  942  946  969  970  971  976  985  996 1000 1002
  [51] 1006 1010 1015 1016 1018 1019 1021 1022 1024 1025 1027 1030 1049 1054 1056 1057 1110 1112 1118 1122 1123 1142 1147  299 1172
  [76] 1184 1185 1189 1193 1199 1200 1201 1202 1204 1205 1214 1220 1232 1233 1236 1237 1239 1252 1258 1276 1277 1278 1281 1282 1283
 [101] 1285 1290 1295 1296 1297 1298 1299 1301 1302 1315 1323  321 1350  325  327  328  329  330  334 1446 1453 1463 1485 1496 1503
 [126] 1506 1507 1508 1518 1525 1534 1567 1586 1591 1611 1612 1628 1630 1639 1655 1659 1665 1669 1670 1676 1682 1683 1696 1697 1704
 [151] 1717 1720 1724 1725 1751 1829 1837  367 1879  375 1918 1956 1961 1964 1973 1982 2005 2013 2014 2015 2029 2035 2051 2052 2059
 [176] 2063 2068 2077 2078 2106 2116 2127 2133 2134 2145 2161 2173 2214 2215 2220 2222 2232 2251 2253 2283 2326 2329 2330 2334  376
 [201]  398  400  421  422  434  435  446  455  457  474 3039 3053 3070 3084 3085 3092 3093 3094 3107 3129 3141 3142 3144 3145 3159
 [226] 3161 3163 3165 3166 2487 2488 2489 2490 3184 3185 3186 3187 3192 3194 3196 3198 3199 3201 2352 2358 3203 2512 3231 3232 3238
 [251] 3239 3259 3266 3269 3280 3285 3288 3289 2536 2539 2541 3293 3294 2564 2565 2567 2570 2578 2584 2593 2597 2601 2603 3309 3316
 [276] 3322 3323 3329 3330 3332 3338 3353 3356 3359 3368 3369 3393 2627 3408 3409 2372 3424 3425 2375 2376 2377 2379 2382 2707 2715
 [301] 2717 2720 3433 2730 2731 3443 2752 2765 2408 2409 2410 2413 2781 2782 3460 3479 3495 3497 3498 2792 2418 2422 2423 3515 2425
 [326] 2429 2430 3524 3530 2815 2823 2824 2825 3534 3537 3553 3559 3561 3565 3579 3590 3600 3605 3614 3617 3635 3658 3679 3687 3693
 [351] 3717 3718 3720 3731 3737 2827 3743 3744 3745 3747 3748 3751 3752 3754 3763 2829 2832 2835 3795 3796 2859 3802 3806 3808 3813
 [376] 3814 3815 3816 3817 3818 3819 3822 3836 3839 3868 3877 3878 3882 3885 3888 3891 3900 3901 3910 3911 3912 3913 3916 3920 3928
 [401] 3930 3931 3935 3939 3941 3967 3968 3975 3978 3983 3985 2887 3997 3998 4011 2906 2907 4044 4051 4062 4063 4073 4081 4082 4083
 [426] 4084 4086 4087 4107 4108 4112 4114 4121 4126 2916 2917 2918 2919 4138 4139 4141 4143 4155 2931 2933 4183 2938 2939 2940 2942
 [451] 2944 2945 4190 4191 4192 4193 4194 4195 4197 4199 4213 4231 4238 4245 4251 4252 4255 4267 4273 4279 4285 4286 4287 4288 4305
 [476] 4306 4307 4308 4309 4310 4327 4331 4332 4333 4337 4352 4353 4358 4361 4370 4371 4372 4373 4374 4375 4376 4377 4392 4397 4399
 [501] 4400 4401 4406 4407 4408 4409 4410 4412 4417 4431 4432 4434 4436 4449 4450 4452 4454 4458 4471 4477 4481 4484 4485 4496 4500
 [526] 4502 4503 4506 4513 4518 4521 4524 4539 4546 4557 4558 4566 4581 4582 4583 4584 4596 4597 4601 4602 4608 4610 4611 4612 4616
 [551] 4617 4628 4643 4673 4675 4676 4677 4678 4679 4681 4682 4683 4686 4687 4688 4689 4690 4691 4720 4721 4724 4727 4763 4771 4775
 [576] 4777 4792 4795 4796 4806 4807 4844 4845 4861 4913 4937 4938 5014 5015 5051 5052 5054 5056 5058 5098 5106 5114 2986 2987 2988
 [601] 2989 5131 5132 5201 5252 2437 5305 2464 5377 3025 6335 6336 5467 5475 6352 6355 6356 6360 6364 5489 5502 6372 6383 6394 5520
 [626] 6400 6402 6403 6408 6414 6415 6416 6418 6435 6436 6437 6438 6439 6440 6441 6443 6444 6445 6446 6447 6449 6455 5575 5601 6463
 [651] 6465 6472 6474 6487 6495 6507 6515 6517 6518 6520 6522 5626 5627 5633 6527 6532 6540 6555 6556 6557 5407 5408 5409 6585 6586
 [676] 6587 6588 6589 6590 6593 5669 5683 5699 5724 5730 6639 6648 6652 6672 6674 6684 6685 6692 5752 5758 5761 5763 6699 6701 6703
 [701] 6704 6714 6717 6718 6722 5803 6730 6732 6735 6736 5928 6741 6744 5421 5970 5985 5991 5992 5996 6745 6746 6747 6749 6752 6753
 [726] 6754 6755 6756 6041 6758 6759 6760 6762 6763 6764 6765 6766 6768 6771 6773 6777 6779 6793 6795 6814 6823 6824 6838 6839 6844
 [751] 6845 6855 6856 6857 6873 6884 6885 6894 6897 6902 6916 6938 6944 6949 6950 6952 6955 6956 6153 6155 6966 6971 6975 6976 5439
 [776] 5442 6997 7002 7003 7020 6200 7045 7061 7075 7098 7100 7111 7131 7132 7152 7153 7155 7158 7163 7171 7172 7173 7175 7177 7178
 [801] 7179 7181 7182 7187 7188 7191 7211 7215 7217 7222 7225 7229 7246 7262 7264 7265 7284 7287 7288 7315 6235 7323 7349 7350 7352
 [826] 6257 6261 7397 7403 6265 7409 7414 7427 7428 7429 7430 7432 7434 7440 7441 7451 7453 7457 6279 5394 7482 7531 7541 7574 7582
 [851] 7585 7593 7622 7631 7644 7645 7646 6294 7688 7702 7704 7706 7708 7716 7717 7738 7745 7748 7749 7753 7758 7759 7776 7800 7817
 [876] 7826 7827 7828 7829 7830 7839 7840 7861 7866 7872 7930 7979 7981 8031 6306 6309 8038 8054 8063 8074 8560 8564 8571 8572 8588
 [901] 8162 8164 8604 8605 8608 8174 8182 8637 8640 8642 8644 8645 8646 8649 8662 8672 8198 8202 8203 8684 8692 8698 8704 8711 8100
 [926] 8713 8221 8720 8722 8731 8744 8749 8750 8751 8752 8754 8755 8756 8757 8758 8759 8760 8766 8767 8234 8237 8248 8249 8250 8782
 [951] 8789 8790 8792 8140 8800 8336 8811 8813 8814 8816 8817 8839 8852 8853 8854 8855 8861 8871 8872 8873 8874 8887 8888 8891 8893
 [976] 8895 8896 8897 8144 8920 8921 8922 8929 8930 8952 8953 8954 8981 8982 8983 8984 8988 8396 9004 9007 9009 9029 9038 9039 9040
 [ reached getOption("max.print") -- omitted 1189 entries ]
[1] "Processing trait: PC2"
[1] "--------------------Phenotype and Genotype ----------------------------------"
[1] "FarmCPU"
[1] TRUE
[1] "There are  1  traits in phenotype data."
[1] "There are  3042  individuals in phenotype data."
[1] "There are  20048  markers in genotype data."
[1] "Phenotype and Genotype are test OK !!"
[1] "--------------------GAPIT Logical Done----------------------------------"
[1] "GAPIT.IC in process..."
[1] "There is 0 Covariances."
[1] "There are 3042 common individuals in genotype , phenotype and CV files."
[1] "The dimension of total CV is "
[1] 3042    2
[1] 3042    2
[1] "GAPIT.IC accomplished successfully for multiple traits. Results are saved"
[1] "GAPIT.SS in process..."
[1] "GAPIT will be into GWAS approach..."
[1] "FarmCPU"
[1] "The GAPIT would go into Bus..."
[1] "--------------------- Welcome to FarmCPU ----------------------------"
[1] "FarmCPU Started..."
[1] "Current loop: 1 out of maximum of 10"
[1] "seqQTN"
NULL
[1] "scanning..."
[1] "number of covariates in current loop is:"
[1] 0
[1] "Current loop: 2 out of maximum of 10"
[1] "optimizing possible QTNs..."
[1] "seqQTN"
[1] 32
[1] "scanning..."
[1] "number of covariates in current loop is:"
[1] 1
[1] "Current loop: 3 out of maximum of 10"
[1] "optimizing possible QTNs..."
[1] "seqQTN"
[1]  32 853
[1] "scanning..."
[1] "number of covariates in current loop is:"
[1] 2
[1] "Current loop: 4 out of maximum of 10"
[1] "optimizing possible QTNs..."
[1] "seqQTN"
[1]  32 853
[1] "scanning..."
[1] "number of covariates in current loop is:"
[1] 2
[1] "**********FarmCPU ACCOMPLISHED SUCCESSFULLY**********"
[1] "Calculating Kansas GWAS result..."
[1] "FarmCPU has been done succeedly!!"
   [1]  505  104  508  513  515   11   13  520  523   15   17  535   25  540  561  562  563  565  566  573  579  584  109  113  588
  [26]  593  594  597  602  608  609  612  613  115  117  118  622  625  626  627  629  131  133  134  651   32   33   34   35   36
  [51]  658  135  137  138  147  149  150  151  152  155  156  158  159  161  162  163  164  165  166  172  177  178  185  661  662
  [76]  665  669  679  680  195  198  199  200  685  686  687  688  689  690  691  692  694  698  699  220  221  222  224  226  702
 [101]  703  704  705  706  721  726  727  733  735  738  229  232  233  234  744  746  747  235  236  237  238  239  240  241  242
 [126]  243  244  752  754  762  764  765  767  768  770  772  773  775  776  777  780  783  785  786  789  796  797  798  799  800
 [151]  801  812  814  819  820  821  823  824  826  828  830  832  833  836  837  841  845  848  849  853  866  867  868  873  874
 [176]  875  877  878  880  885  890  893  895  901  907  908  910  915  246  249  250  918  920  257  922  923  259  931  933  934
 [201]  940  944  946  949  950  955  956  957  959  960  962  963  964  968  969  970  971  974  975  976  978  979  981  985  986
 [226]  987  989   41  992  996  997 1003 1004 1005 1006 1010 1012 1015 1016 1017 1018 1019 1020 1022 1025 1026 1028 1029 1031 1038
 [251] 1039 1040 1049 1054 1055 1056 1057 1058  262  263  264  265 1065 1072 1076 1080 1083 1085 1088  270  271  272  273 1092 1094
 [276] 1095 1096 1101 1102 1110 1118 1120 1122 1123 1124 1127 1128 1129 1130 1131 1136 1137  275 1138 1139 1140  282  289  290  291
 [301] 1142 1153 1156 1164 1169   45 1170 1172 1174 1176 1177 1182 1183 1184 1185 1187 1188 1189 1191 1193 1195 1197  305 1199 1200
 [326] 1201 1204 1205 1214 1217 1219 1225 1227 1230 1236 1238 1252 1255 1256 1257 1259 1261 1266 1274 1275 1276 1277 1278 1281 1282
 [351] 1283 1285 1286 1289 1292 1295 1296 1297 1298 1299 1300 1301 1302 1304 1305 1306 1310 1313 1315 1318 1319 1328 1329 1330 1331
 [376] 1336 1337 1342 1344 1345 1346 1347 1348 1349 1354 1358 1363 1366 1371 1372 1373  325  327  331 1384  332  334 1386 1396 1403
 [401]   52 1405 1413 1415 1417 1419 1420 1421 1422 1426 1429 1430 1431 1432 1435 1446 1447 1448 1453 1459 1460 1461 1462 1463 1464
 [426] 1465 1467 1468 1469 1470 1473 1474 1481 1490 1491 1493 1496 1497 1499 1501 1502 1503 1504 1506 1507 1512 1518 1519 1520 1527
 [451] 1534 1537 1539 1556 1559 1561 1576 1577 1579 1581 1584 1585 1586 1588 1589 1592 1593  341  342 1603 1604 1605 1610 1611 1612
 [476] 1614 1619 1620 1621 1622 1624 1625 1626 1628 1629 1632 1644 1647 1650 1651 1656 1659 1662 1664 1665 1667  353 1668 1671 1672
 [501] 1675 1676 1677 1678 1679 1682 1683 1693 1701 1703 1704 1705 1707 1719 1720 1724 1725 1735 1736 1737   54   55   56   58  358
 [526]  359  361 1744 1746 1751 1759 1760 1762 1764  363 1771 1772 1779 1780 1781 1782 1783 1784 1785 1786 1787 1788 1789 1793 1794
 [551] 1795 1797 1799 1803 1804 1806 1807 1808 1823 1824  364 1827 1830 1831 1836 1837 1839 1844 1846 1848   63 1853 1854  371  372
 [576]  373 1861 1862 1863 1864 1865 1870 1872 1874 1875 1878 1879 1883 1891 1895 1900 1901 1902 1903 1908 1910 1911 1912 1915 1917
 [601] 1918 1921 1922 1925 1927 1928 1929 1930   82   83   84   86   87   88   90   91 1936 1937 1939 1941 1942 1953 1954 1955 1960
 [626] 1969 1974 1980 1981 1982 1985 1986 1998 2000 2008 2010 2013 2014 2015 2017 2028 2034 2049 2051 2052 2053 2056 2058 2063 2068
 [651] 2071 2075 2076 2088 2096 2097 2098 2099 2101 2105 2114 2118 2121 2122 2132 2133 2134 2140 2150 2152 2155 2158 2161 2162 2164
 [676] 2172 2173 2176 2178 2179 2184 2186 2191 2193 2207 2214 2215 2216 2217 2218 2220 2221 2222 2223 2224 2225 2226 2229 2231 2232
 [701] 2235 2238 2243 2244 2245 2249 2250 2251 2252 2253 2254 2255 2260 2261 2263 2264 2267 2270 2272 2275 2276 2283 2284 2299 2300
 [726] 2301 2305 2309 2310 2311 2314 2315 2323 2326 2329 2331 2335 2337  377  378  379  381  382  383  384  386  388  389  391  392
 [751]  398  400  401  404  406  407   96  100  101  102  416  418  419  420  421  422  426  428  431  432  433  435  446  449  450
 [776]  454  455  460  465  468  474  481  486  488 3028 3029 3043 3046 3047 3052 3053 3054 3055 3058 3065 3068 3069 3070 3071 2340
 [801] 2343 2345 2347 3075 3078 3081 3084 3086 3088 3092 3093 3094 3098 3100 3132 3135 3136 3137 3138 3139 3141 3142 3147 3155 3156
 [826] 3157 3159 3161 3163 3164 3166 3174 3175 3176 3177 2493 3181 3182 3183 3184 3185 3186 3187 3189 3192 3194 3195 3196 3198 3199
 [851] 3201 2352 2358 2494 2496 3203 2500 2501 2502 2503 3206 3209 3210 3211 3212 3214 3215 3216 3219 3220 3222 2509 2510 3224 3228
 [876] 3229 3233 3234 3236 3237 3247 3248 3249 3250 3251 3252 3253 3254 3255 3256 3257 3265 3266 2518 2525 3267 3270 3271 3272 3273
 [901] 3276 3277 3280 3284 3285 3288 3290 2530 2535 2536 2537 2539 2541 3291 3292 3293 2545 2548 3299 2570 2573 2578 2579 2580 2581
 [926] 2584 2586 2588 3301 3302 2590 2593 2594 2597 2601 2603 2604 3308 3309 3312 3313 3316 3320 3322 3323 3332 3334 3335 3338 3341
 [951] 3342 3343 3346 3349 3350 2622 2624 3353 3356 3360 3361 3362 3364 3365 3366 3368 3369 3371 3372 3373 3375 3376 3377 3378 3379
 [976] 3380 3381 3382 3384 3392 3393 3394 3395 3397 2627 2632 2633 3399 3403 3404 3409 3410 2634 2635 2372 3412 3414 3417 3418 2636
 [ reached getOption("max.print") -- omitted 5517 entries ]
[1] "Processing trait: PC3"
[1] "--------------------Phenotype and Genotype ----------------------------------"
[1] "FarmCPU"
[1] TRUE
[1] "There are  1  traits in phenotype data."
[1] "There are  3042  individuals in phenotype data."
[1] "There are  20048  markers in genotype data."
[1] "Phenotype and Genotype are test OK !!"
[1] "--------------------GAPIT Logical Done----------------------------------"
[1] "GAPIT.IC in process..."
[1] "There is 0 Covariances."
[1] "There are 3042 common individuals in genotype , phenotype and CV files."
[1] "The dimension of total CV is "
[1] 3042    2
[1] 3042    2
[1] "GAPIT.IC accomplished successfully for multiple traits. Results are saved"
[1] "GAPIT.SS in process..."
[1] "GAPIT will be into GWAS approach..."
[1] "FarmCPU"
[1] "The GAPIT would go into Bus..."
[1] "--------------------- Welcome to FarmCPU ----------------------------"
[1] "FarmCPU Started..."
[1] "Current loop: 1 out of maximum of 10"
[1] "seqQTN"
NULL
[1] "scanning..."
[1] "number of covariates in current loop is:"
[1] 0
[1] "Current loop: 2 out of maximum of 10"
[1] "optimizing possible QTNs..."
[1] "seqQTN"
 [1]  3266 19936 15674 18342 11689 11026  6697   211  6330 12382 11606  4564 19723 19195  6871 10470  8124 14675  1857  2812  4755
[22]  8863 17122  7183 17721 12863  5902  2338  8692 13503
[1] "scanning..."
[1] "number of covariates in current loop is:"
[1] 30
[1] "Current loop: 3 out of maximum of 10"
[1] "optimizing possible QTNs..."
[1] "seqQTN"
 [1]  3288  8124   211  4564  3266  6871  2812 14675 15674  6330 12382 19195  6697 18342 17122  2338  4755 17721  1857  7183 12863
[22]  8692 10470  5902 19936 11689  8863 13503 11026 11606 19723
[1] "scanning..."
[1] "number of covariates in current loop is:"
[1] 31
[1] "Current loop: 4 out of maximum of 10"
[1] "optimizing possible QTNs..."
[1] "seqQTN"
 [1]  3288  3266 15674 14675 19195 17122  2812   211  8124  6871  4564  1857  6330  4755 12863  8692 17721 11689  2338 18342  5902
[22]  7183  6697 10470 13503  8863 12382 11026 11606 19936 19723
[1] "scanning..."
[1] "number of covariates in current loop is:"
[1] 31
[1] "**********FarmCPU ACCOMPLISHED SUCCESSFULLY**********"
[1] "Calculating Kansas GWAS result..."
[1] "FarmCPU has been done succeedly!!"
   [1]    1    2    5    6   10  106  513   11   13   14   15   17  534  539   25  540   27   28  555  562  564  580  584  113  114
  [26]  597  603  612  613  117  625  626  627  632  649  123  132  651   31  135  141  143  145  148  153  161  163  174  177  180
  [51]  185  186  674  677  678  684  192  200  204  685  691  692  698  699  211  212  701  716  717  719  726  727  731  732  735
  [76]  736  228  746  244  245  753  754   38  767  771  773  775  777  778  783  796  798  802  813  815  820  827  841  853  861
 [101]  866  868  869  870  877  884  885  890  893  895  900  902  904  907  910  916  917  254  255  922  927  928  933  934  936
 [126]  940  951  953  954  957  968  971  972  996  261 1016 1019 1020 1021 1022 1024 1030 1031 1032 1034 1049 1054 1055 1058  262
 [151]  263  265 1062 1076 1080 1081 1082 1084 1085 1086 1087 1088 1089  268 1092 1094 1101 1102 1110 1114 1116 1118 1122 1123 1128
 [176] 1136  276  277  279  282  290  291 1146 1154 1156 1169  301 1171 1174 1175 1184 1185 1187 1189 1193 1194  307  310 1199 1200
 [201] 1201 1202   47 1205 1214 1222 1224 1225 1226 1230 1232 1233 1235 1236 1241 1242 1243 1254 1258 1263 1268 1269 1271 1272 1273
 [226] 1275 1276 1277 1278 1282 1283 1284 1285 1286 1293 1294 1301 1302 1309 1310 1315 1318 1330 1336 1337 1342  321  322 1346 1348
 [251] 1349 1352 1353 1354 1358 1361 1363 1365 1369  325 1379 1381 1383  332  333  334 1392 1396 1404   53 1406 1409 1413 1414 1418
 [276] 1432 1435 1436 1438 1439 1446 1448 1451 1452 1453 1463 1475 1477 1478 1481  335  338 1491 1492 1496 1497 1500 1501 1502 1503
 [301] 1504 1506 1507 1518 1523 1525 1537 1539 1540 1541 1544 1545 1546 1547 1555 1556 1558 1559 1561 1562 1566 1567 1569 1572 1573
 [326] 1574 1575 1591 1595 1599  341  343 1611 1612 1613 1614 1622 1628 1630 1634 1650 1651 1656 1659 1664 1665 1667 1668 1669 1670
 [351] 1672 1675 1676 1678 1682 1683 1690 1691 1692 1694 1695 1707 1720 1729 1730 1731  361 1739 1741 1744 1762  362 1771 1772 1784
 [376] 1789 1802 1805 1822 1827 1831 1841 1845   63   64   65   66   70   74   75 1851 1857  370  371  372  373 1878 1886 1887 1888
 [401] 1890  375 1895 1897 1913 1914   80 1924 1928 1929   85   89 1942 1943 1953 1954 1955 1975 1982 1988 1998 2000 2001 2010 2011
 [426] 2013 2014 2015 2017 2020 2021 2022 2023 2024 2025 2041 2043 2045 2053 2058 2076 2077 2078 2082 2085 2106 2117 2121 2128 2134
 [451] 2144 2145 2150 2154 2161 2179 2181 2182 2183 2190 2209 2214 2215 2217 2218 2220 2222 2223 2224 2225 2232 2238 2243 2247 2252
 [476] 2253 2261 2270 2274 2278 2291 2292 2293 2294 2298 2314 2319 2321 2326 2330 2332 2335  376  380  381  382  383  384  385  388
 [501]  393  404  405  408  410   99  416  418  420  421  422  427  428  429  430  434  460  465  470  471  481  490 3031 3037 3064
 [526] 3068 3069 3070 3071 3076 3077 3092 3102 3107 3109 3111 3112 3120 3124 3130 3135 3141 3142 3143 3146 3156 3158 3159 3161 3163
 [551] 3165 2487 2488 2490 3177 3178 3180 3183 3184 3185 3186 3187 2352 2353 2358 3203 2499 2501 2502 2503 3211 3212 3220 3222 2512
 [576] 2513 3223 3225 3226 3227 3228 3229 3231 3232 3234 3236 3237 3239 3240 3258 3266 2517 2520 3267 3268 3269 3284 3285 3288 3289
 [601] 3290 2536 2537 2539 2543 3294 3299 2557 2568 2570 2571 2578 2579 2580 2581 2584 2585 2588 3301 3304 3306 2603 3308 3309 3310
 [626] 2610 3316 3317 3318 3319 3320 3325 3329 3330 2615 2616 2618 2619 2620 2621 2623 2625 3353 3359 3360 3362 3363 3365 3367 3368
 [651] 3369 3372 3373 3374 3375 3376 3377 3378 3379 3380 3381 3383 3393 3395 2628 3408 2634 2364 2365 2367 2372 2374 2638 2642 2647
 [676] 2652 2656 2657 2658 2659 2691 2692 2697 2376 2377 2379 2382 2383 2384 2707 2712 2713 2715 2716 3433 2728 3438 3439 3440 3442
 [701] 2386 2387 2394 2741 2748 2749 2752 2399 2401 2338 2408 2409 2410 2413 3455 3457 2782 3460 3462 2414 3476 2416 3491 3495 3497
 [726] 3498 3499 2792 3514 2418 2421 2422 2806 3515 2429 2436 3529 2812 2813 2814 2815 2817 2818 2819 2822 3534 3539 3540 3553 3558
 [751] 3561 3562 3578 3588 3591 3597 3598 3602 3603 3612 3613 3614 3617 3618 3620 3634 3635 3636 3643 3658 3661 3664 3666 3674 3676
 [776] 3677 3683 3687 3688 3691 3697 3705 3707 3709 3714 3716 3717 3718 3719 3721 3724 3725 3729 3731 3732 3734 3737 3738 2826 3743
 [801] 3744 3745 3746 3748 3751 3752 3754 3758 3763 3764 3765 3773 3774 3775 3778 3779 3780 3781 2829 2834 3782 3783 3784 3785 3786
 [826] 3787 3788 3789 2842 2846 3797 3800 3803 3806 3807 3808 2873 3811 3821 3822 3825 3829 3835 3843 3851 3856 3876 3877 3878 3880
 [851] 3881 3885 3888 3897 3901 3910 3915 3918 3919 3920 3921 3922 3925 2881 2882 2884 3932 3933 3936 3939 3945 3946 3951 3953 3956
 [876] 3964 3967 3968 3969 3970 3971 3973 3975 3978 3979 3980 2887 3990 3992 3996 3998 3999 4003 4007 4009 4013 4014 4015 2905 4018
 [901] 4027 4028 2906 2907 4057 4058 4059 4073 4080 4081 4086 4089 4090 4092 4093 4094 4097 4099 4100 4101 4107 4114 4115 4116 4120
 [926] 4121 4123 4131 2919 4138 4139 4141 4143 4149 4150 2926 2927 4162 4163 4164 2929 2931 4166 4170 4171 4174 4183 2938 2939 2940
 [951] 2941 2942 2943 2944 2945 4187 4189 4190 4195 4197 4198 4199 4208 4209 4215 4217 4225 4231 4238 4242 4245 4246 4247 4251 4252
 [976] 4253 4267 4268 4276 4284 4288 4295 4302 4303 4305 4306 4307 4308 4309 4310 4311 4312 4313 4314 4320 4322 4324 4329 4330 4332
 [ reached getOption("max.print") -- omitted 3532 entries ]
[1] "GAPIT accomplished successfully for multiple traits. Result are saved"
[1] "GAPIT has done all analysis!!!"
