[1] "--------------------- Welcome to GAPIT ----------------------------"
[1] "FarmCPU"
[1] "--------------------Processing traits----------------------------------"
[1] "Phenotype provided!"
[1] "The 1 model in all."
[1] "FarmCPU"
[1] "GAPIT.DP in process..."
[1] "Converting genotype..."
[1] "Converting HapMap format to numerical under model of Middle"
[1] "Perform numericalization"
[1] "Succesfuly finished converting HapMap which has bits of 1"
[1] "Converting genotype done."
[1] "GAPIT will filter marker with MAF setting !!"
[1] "The markers will be filtered by SNP.MAF: 0"
maf_index
 TRUE 
11222 
[1] "Filting marker for GAPIT.Genotype.View function ..."
[1] "The average distance between markers are ..."
[1] 0.009 0.005 0.013 0.006    NA 0.009
[1] "GAPIT.Genotype.View . pdfs generate.successfully!"
NULL
[1] "GAPIT.DP accomplished successfully for multiple traits. Results are saved"
[1] "Processing trait: PC1"
[1] "GAPIT.Phenotype.View in press..."
[1] "GAPIT.Phenotype.View output pdf has been generated successfully!"
[1] "--------------------Phenotype and Genotype ----------------------------------"
[1] "FarmCPU"
[1] TRUE
[1] "There are  1  traits in phenotype data."
[1] "There are  3042  individuals in phenotype data."
[1] "There are  11222  markers in genotype data."
[1] "Phenotype and Genotype are test OK !!"
[1] "--------------------GAPIT Logical Done----------------------------------"
[1] "GAPIT.IC in process..."
[1] "There is 0 Covariances."
[1] "There are 3042 common individuals in genotype , phenotype and CV files."
[1] "The dimension of total CV is "
[1] 3042    2
[1] 3042    2
[1] "GAPIT.IC accomplished successfully for multiple traits. Results are saved"
[1] "GAPIT.SS in process..."
[1] "GAPIT will be into GWAS approach..."
[1] "FarmCPU"
[1] "The GAPIT would go into Bus..."
[1] "--------------------- Welcome to FarmCPU ----------------------------"
[1] "FarmCPU Started..."
[1] "Current loop: 1 out of maximum of 10"
[1] "seqQTN"
NULL
[1] "scanning..."
[1] "number of covariates in current loop is:"
[1] 0
[1] "Current loop: 2 out of maximum of 10"
[1] "optimizing possible QTNs..."
[1] "seqQTN"
 [1]  181  613  938 1763 1922 1980 2083 2373 2549 3511 3689 3843 4773
[1] "scanning..."
[1] "number of covariates in current loop is:"
[1] 13
[1] "Current loop: 3 out of maximum of 10"
[1] "optimizing possible QTNs..."
[1] "seqQTN"
 [1] 11184  6544  6596  1994  8977  3689  8996  6932  8492  6535  2897  5088  3904  3511    16  5329 10884  9024  3733  4746  2708 10422  2784  6016  6309
[26]  3777  7744  4052  1703  1980  4773  1763   613  2549  2083  1922   938   181  3843  2373
[1] "scanning..."
[1] "number of covariates in current loop is:"
[1] 40
[1] "Current loop: 4 out of maximum of 10"
[1] "optimizing possible QTNs..."
[1] "seqQTN"
 [1] 10923  1980  2549  2373  9024   181  3511  2083  5088  1994  3843  1703  8492  4773 10884  2897  3689  6932  6596    16  6535  2708  8996  3733  4052
[26]  5329  3777  6309 11184  7744 10422  6544  4746  3904  8977  2784  6016
[1] "scanning..."
[1] "number of covariates in current loop is:"
[1] 37
[1] "Current loop: 5 out of maximum of 10"
[1] "optimizing possible QTNs..."
[1] "seqQTN"
 [1] 10923  4913   586  6828  9735  9992  8084  4025  7601  1994  4773  3843  3511   181  1980  5088  6596  2897  6932  2373 10884  8492  2549    16  4746
[26]  6309  8996  3689  6535  2083  1703  6544 11184  2708  4052  7744  5329  3904  3733  9024  3777  8977 10422  6016  2784
[1] "scanning..."
[1] "number of covariates in current loop is:"
[1] 45
[1] "Current loop: 6 out of maximum of 10"
[1] "optimizing possible QTNs..."
[1] "seqQTN"
 [1] 10923  1994  4773  3843  4180 10884  3511  2810  5027  6285  5125  5088  4462 10123  9302  7564  5243  6932  2373  2897   181  8492  6596  9992  3689
[26]    16  1980  1703  6535 11184  4913  8996  2083  2708  7744  4746  5329  3904  4052  6544  2549  3733  8977  6309  9024  2784   586  3777  6016  9735
[51] 10422  7601  8084  4025  6828
[1] "scanning..."
[1] "number of covariates in current loop is:"
[1] 55
[1] "Current loop: 7 out of maximum of 10"
[1] "optimizing possible QTNs..."
[1] "seqQTN"
 [1] 10923  1994 10884  5088  3511  8492  3843  4634  7806  2981  7779  1703  6338  2514  4913  6670  8977 11184  4773  6596  1980  2897  4052  9024    16
[26]  6932  5329  3904  6535  6285  3733  3689  2373   181  2784  6544  2708  4746  7744  2549 10123  8996  2083  3777  7564   586  6016  2810  5125  9302
[51]  5027  4462 10422  8084  4180  6309  5243  7601  6828  4025  9735  9992
[1] "scanning..."
[1] "number of covariates in current loop is:"
[1] 62
[1] "Current loop: 8 out of maximum of 10"
[1] "optimizing possible QTNs..."
[1] "seqQTN"
 [1] 10923  1994 10884  3511  5088  8977  3843 11184  6596  1980  4773  8492  4913  6670  6932  6285  6544  9024  6338  1703  3689  6535  7779  7806  2897
[26]  5329  2708  3904  2373   181 10123    16  3733  2784  4052  7744  5125 10422   586  7564  2810  4746  2083  2549  9302  8996  2514  5027  6309  8084
[51]  6016  4462  4634  4180  5243  3777  7601  4025  6828  2981  9735  9992
[1] "scanning..."
[1] "number of covariates in current loop is:"
[1] 62
[1] "**********FarmCPU ACCOMPLISHED SUCCESSFULLY**********"
[1] "Calculating Kansas GWAS result..."
[1] "FarmCPU has been done succeedly!!"
  [1]   284     3     6     9    10    16   330   344    53    56   387   388   389   390   397    85    86    88    93    94    95    96   399   400   101
 [26]   417   419   420   112   434    22   455   456   457   458   460   462   526   547   550   566   572   581   586   604   605   606   126   610   611
 [51]   612   616   618   621   636   637   670   676   688   157   718   731   732   733   774   775   797   802   177   181   897   898   916   926   927
 [76]   938   946  1011  1062  1072  1074  1083  1084  1122  1123  1143  1145  1177    31    34  1218  1250  1256  1257  1258  1284  1294  1305  1315  1324
[101]  1342  1347  1363  1368  1376  1378  1382  1422  1448   242  1836  1881  1882  1894  1922  1923  1933  1935  1949  1950  1951  1952  1970  1980  1990
[126]  1994  1995  2002  2003  1549  2020  2038  2041  2042  2044  1580  2050  2051  2058  2059  2060  2061  2062  2063  2064  2065  2066  2067  1461  2083
[151]  1465  2094  2097  2098  1659  1674  1676  1678  2108  2109  2128  2129  1695  1483  1484  1488  1703  2141  2144  2167  2175  2177  2179  2180  2181
[176]  2182  2188  2205  2208  2216  2217  2234  2236  2246  2255  2256  2257  2258  2266  2267  2271  2273  2274  2275  2286  2287  2297  2299  2304  2305
[201]  2306  2373  2376  2377  2378  2382  2384  2385  2388  2389  2396  2401  2402  2403  2404  2405  2406  2407  2415  2418  2462  2486  2490  2514  1763
[226]  1773  1774  2544  2549  2550  2560  2586  2587  2617  2620  2639  2644  2645  2646  2654  2665  2674  2675  2689  2708  2718  2722  2777  2784  2790
[251]  2795  2796  2797  2803  2810  2818  2837  2838  2848  2850  2851  2852  2853  2855  2856  2858  2859  2870  2876  2879  2884  2897  2934  2941  2943
[276]  2944  3020  3051  3067  3069  3071  3072  3073  3074  3075  1807  1808  3098  3106  3181  3210  3211  1507  3689  3216  3259  3697  3698  3281  3712
[301]  3713  3714  3715  3716  3719  3733  3739  3749  3750  3751  3752  3753  3754  3755  3756  3757  3758  3759  3760  3761  3762  3768  3771  3777  3783
[326]  3804  3833  3843  3848  3862  3367  3368  3369  3370  3371  3372  3381  3382  3383  3384  3895  3899  3904  3905  3906  3911  3912  3915  3916  3919
[351]  3414  3416  3923  3463  3464  3465  3467  3475  3476  3477  3478  3479  3926  3494  3224  3498  3511  3512  3226  3227  3228  3525  3933  3934  3935
[376]  3936  3938  3953  4019  4021  4025  4044  4045  4046  3601  3603  4052  4056  4076  4106  4169  4171  4172  3606  4179  4180  4181  4182  4184  4190
[401]  4194  4198  4209  4224  4225  4234  4235  4236  4254  4258  4271  4273  4280  4286  4287  4301  4311  4323  4338  4339  4344  4345  4360  4390  4411
[426]  4438  4445  4449  4462  4465  4471  4490  4492  4493  4520  4525  4531  4532  4533  4535  4536  4537  4557  4580  4613  4634  4649  4667  4685  3676
[451]  5027  4773  4776  4780  4785  4789  4793  4796  5056  5059  5061  5067  5069  5075  5082  5088  5099  4726  4736  4740  4741  4742  4744  4746  5108
[476]  5114  5115  5116  5117  5118  5119  5125  5133  5134  4814  5140  5142  5143  5145  5154  5173  5178  5179  5180  5181  5206  5207  4760  4906  5224
[501]  5225  5226  5227  5228  4913  5239  5243  5255  5256  5275  5279  5281  5282  5294  5296  5309  5310  5312  5315  5316  5329  5356  4932  5389  5417
[526]  5418  5419  5420  5422  5424  5425  5426  5427  5459  5468  5477  5486  5501  4950  5573  5587  5613  4955  5624  5625  5629  5630  5632  5642  5643
[551]  5644  5645  5646  5647  5676  5677  5708  5710  5711  5712  5734  5742  5805  5810  5842  5843  5847  5901  5937  5992  6016  6078  4979  6090  6094
[576]  6095  6096  6097  6123  6124  6125  6136  6138  6139  6217  6227  6230  6231  6232  6285  6309  6338  6510  6511  6517  6363  6364  6366  6367  6535
[601]  6380  6544  6549  6550  6551  6554  6555  6558  6559  6560  6596  6597  6611  6613  6614  6615  6324  6449  6450  6451  6633  6642  6644  6645  6646
[626]  6649  6670  6686  6722  6759  6760  6793  6833  6836  6845  6869  6890  6891  6932  6487  6969  6972  6984  6997  6999  7000  7007  7008  7009  7010
[651]  7023  7026  7027  7028  7031  7035  6493  7069  7090  7091  7105  7111  7136  7146  7207  6495  7237  7238  7240  7241  7242  7244  7250  7267  7270
[676]  7271  7305  7323  7337  7344  7362  7394  7395  7440  7441  7464  7493  7496  7497  7501  7534  7537  7538  7564  7601  7670  7671  7672  7673  7674
[701]  7678  7679  7682  7687  7688  7689  7701  7744  7761  7766  7770  7779  7806  7833  7837  7839  7841  7848  7874  7879  8090  8100  8102  8108  8135
[726]  8136  8138  8001  8008  8012  8139  8150  8151  8152  8155  8188  8197  8205  8206  8207  8208  8220  8231  8232  8242  8244  8246  8248  8249  8251
[751]  8033  8034  8292  8295  8318  8367  8394  8397  8406  8049  8423  8424  8425  8433  8445  8446  8479  8481  8492  8498  8558  8637  8651  8656  8693
[776]  8696  8702  8056  8712  8057  8768  8776  8777  8058  8829  8852  8933  8944  8959  8977  8996  9017  9023  9024  9056  9063  9064  9066  9071  9145
[801]  9162  9183  9228  9229  9247  9302  9322  9323  9324  9352  9353  8064  9416  9423  9442  9479  9480  9482  9504  9508  9509  9516  8070  8084  8085
[826]  9842  9843  9846  9847  9854  9856  9857  9858  9859  9871  9884  9909  9910  9913  9929  9930  9984  9986  9991  9994  9999 10000 10001 10003 10014
[851] 10016  9624 10022 10023 10024  9526  9630 10050 10051 10052 10053 10055 10058 10060  9527  9528 10061 10062 10069  9530 10074 10078  9655  9658  9659
[876] 10118  9667  9668 10123 10135 10138  9540  9541  9682  9684 10145  9696  9543  9704 10171 10172 10195 10205 10206 10207  9551 10211 10223 10225  9738
[901]  9745 10235 10242 10249 10261 10262 10263 10266 10286 10289 10292 10293 10294 10296 10297 10327 10335 10336 10353 10354 10420 10422 10423 10430 10432
[926] 10440 10450 10451 10473 10488 10490 10500  9776 10503 10504 10505 10506 10540 10544 10562 10620 10626 10629 10630 10650 10661 10663 10665 10708  9793
[951] 10787 10820 10822 10829 10840 10845 10846 10848 10849 10851 10853 10854 10855  9820  9519  9521  9522  9824  9826 11122 10884 10903 10906 11153 11158
[976] 11160 11184 11186 11217 10996 11000 11001 11003 11004 10919 10922 11030 11031 11032 11060 11061 11071 10923 11083 11084 10930
[1] "GAPIT.ID in process..."
[1] "Filtering SNPs with MAF..."
[1] "Calculating FDR..."
[1] "QQ plot...(NYC)"
[1] "Manhattan plot (Genomewise)...(NYC)"
[1] "GAPIT.Manhattan accomplished successfully!zw"
[1] "Manhattan plot (Chromosomewise)...(NYC)"
[1] "select 66 candidate significont markers in 1 chromosome "
[1] "select 100 candidate significont markers in 2 chromosome "
[1] "select 92 candidate significont markers in 3 chromosome "
[1] "select 73 candidate significont markers in 4 chromosome "
[1] "select 81 candidate significont markers in 5 chromosome "
[1] "select 73 candidate significont markers in 6 chromosome "
[1] "select 85 candidate significont markers in 7 chromosome "
[1] "select 16 candidate significont markers in 8 chromosome "
[1] "select 0 candidate significont markers in 9 chromosome "
[1] "manhattan plot on chromosome finished"
[1] "GAPIT.Manhattan accomplished successfully!zw"
[1] "Association table..."
[1] "Joining tvalue and stderr"
[1] "GAPIT Phenotype distribution with significant markers in process..."
[1] TRUE
[1] 996   8
[1] "GAPIT.ID accomplished successfully for multiple traits. Results are saved"
[1] "Processing trait: PC2"
[1] "GAPIT.Phenotype.View in press..."
[1] "GAPIT.Phenotype.View output pdf has been generated successfully!"
[1] "--------------------Phenotype and Genotype ----------------------------------"
[1] "FarmCPU"
[1] TRUE
[1] "There are  1  traits in phenotype data."
[1] "There are  3042  individuals in phenotype data."
[1] "There are  11222  markers in genotype data."
[1] "Phenotype and Genotype are test OK !!"
[1] "--------------------GAPIT Logical Done----------------------------------"
[1] "GAPIT.IC in process..."
[1] "There is 0 Covariances."
[1] "There are 3042 common individuals in genotype , phenotype and CV files."
[1] "The dimension of total CV is "
[1] 3042    2
[1] 3042    2
[1] "GAPIT.IC accomplished successfully for multiple traits. Results are saved"
[1] "GAPIT.SS in process..."
[1] "GAPIT will be into GWAS approach..."
[1] "FarmCPU"
[1] "The GAPIT would go into Bus..."
[1] "--------------------- Welcome to FarmCPU ----------------------------"
[1] "FarmCPU Started..."
[1] "Current loop: 1 out of maximum of 10"
[1] "seqQTN"
NULL
[1] "scanning..."
[1] "number of covariates in current loop is:"
[1] 0
[1] "Current loop: 2 out of maximum of 10"
[1] "optimizing possible QTNs..."
[1] "seqQTN"
 [1]  2129  1498  1701  3903  3994 10421  5130 11184  8998  3712
[1] "scanning..."
[1] "number of covariates in current loop is:"
[1] 10
[1] "Current loop: 3 out of maximum of 10"
[1] "optimizing possible QTNs..."
[1] "seqQTN"
 [1]  2129 11184  1701 10421  3994  1994  2783  8998  5130  6596  1498  8425  8977  9704  5311  3671  7780  3903  1996  8492  2808     8  6882  9963  4186
[26]  4746  5088  8507  7769  5173  3712
[1] "scanning..."
[1] "number of covariates in current loop is:"
[1] 31
[1] "Current loop: 4 out of maximum of 10"
[1] "optimizing possible QTNs..."
[1] "seqQTN"
 [1]  2129  1701  3994  3695  5311  8507 11184  8425  1498  4186  2783  9963  5130  8998  3771  7769  7564 10421  2304  7780     8  3712  8492  3903  2808
[26]  8977  6596  9704  3671  4746  6882  5088  1996  1994  5173
[1] "scanning..."
[1] "number of covariates in current loop is:"
[1] 35
[1] "Current loop: 5 out of maximum of 10"
[1] "optimizing possible QTNs..."
[1] "seqQTN"
 [1]  2129  1701  3994 11184  5311  8425  8507  2304  8492  7564  9963  5130  8998  4186 10421  7769  5329  3695  1498  2783  6596     8  3886  7780  3903
[26]  3712  3671  2808  1994  9704  6882  4746  8977  5088  1996  3771  5173
[1] "scanning..."
[1] "number of covariates in current loop is:"
[1] 37
[1] "Current loop: 6 out of maximum of 10"
[1] "optimizing possible QTNs..."
[1] "seqQTN"
 [1]  2129  1701 11184  3695  7564  3994 10421  5311  5329  2304  8425  7769  8507  4186  3886  8492  9963  8998  5130  6596  1498  2783  7780     8  1994
[26]  9704  3903  3712  6882  3671  2808  4746  8977  5088  1996  5173  3771
[1] "scanning..."
[1] "number of covariates in current loop is:"
[1] 37
[1] "**********FarmCPU ACCOMPLISHED SUCCESSFULLY**********"
[1] "Calculating Kansas GWAS result..."
[1] "FarmCPU has been done succeedly!!"
   [1]     8    16   326    41    46    48   347   349   350   353   354    49   369   379    19   397    88    89    92    93    94    95    96   100   417
  [26]   420   434    22   456   458   460   485   529   546   547   554   571   572   597   126   613   627   630   656   657   661   675   678   688   150
  [51]   696   702   726   750   751   178   827   829   856   859   889   896   897   898   900   901   915   916   917   924   933   934   937   938   950
  [76]   955   960   961   963   965   966   998   194   200  1034  1035  1036  1037  1038  1040  1046  1047  1050  1052  1053  1054  1078  1121  1136  1147
 [101]  1148  1149  1170  1171  1173   214  1192  1193  1194    34  1224  1226  1231  1246  1250  1258  1268  1284  1303  1305  1339  1361  1363  1364  1365
 [126]  1368  1403   238   239   242  1835  1845  1854  1857  1858  1878  1887  1889  1891  1892  1903  1904  1907  1909  1910  1913  1933  1947  1518  1520
 [151]  1521  1969  1971  1972  1973  1974  1994  1996  2002  2003  2008  1541  1545  2018  2019  2020  2021  1574  1578  1579  1580  1581  2057  2063  2064
 [176]  2065  2066  2067  1584  1585  1465  1607  1470  1471  2097  1474  1674  2128  2129  1481  1483  1696  1697  1698  1700  1488  1701  1705  1706  2165
 [201]  2183  2184  2193  2194  2210  2224  2225  2229  2230  2231  2232  2233  2255  2261  2265  2266  2267  2271  2278  2287  2291  2292  1715  1720  2304
 [226]  2320  2328  2376  2377  2389  2392  2393  2395  1744  2436  2439  1755  2462  2473  2478  2479  2486  2487  2488  2498  2499  2509  2514  1762  1764
 [251]  2523  2537  1773  1774  2546  2550  2557  2568  2578  2635  2644  2645  2646  1799  2669  2671  2678  2679  2689  2692  2705  2708  2722  2725  2726
 [276]  2744  2745  2783  2803  2808  2812  2847  2849  2867  2870  2875  2876  2879  2881  2884  2885  2905  2917  2922  2955  2958  2959  2960  2965  3007
 [301]  3008  3010  3011  3013  1804  3106  3132  3134  3151  3173  3174  3175  3176  3177  3178  1820  1821  1491  1493  1498  1826  1827  3688  3259  3695
 [326]  3696  3705  3264  3266  3267  3274  3288  3710  3712  3722  3723  3726  3728  3733  3737  3738  3739  3769  3771  3773  3774  3777  3780  3781  3788
 [351]  3803  3804  3805  3807  3342  3830  3831  3834  3836  3837  3840  3353  3357  3853  3365  3367  3870  3871  3872  3873  3877  3377  3381  3382  3383
 [376]  3384  3886  3903  3385  3386  3387  3905  3906  3907  3390  3391  3393  3394  3396  3401  3403  3405  3407  3410  3412  3414  3415  3416  3419  3420
 [401]  3421  3427  3428  3429  3434  3440  3461  3468  3926  3928  3226  3228  3540  3542  3933  3934  3935  3936  3588  3983  3994  3995  4009  4017  4019
 [426]  4021  4028  4033  4034  4044  4045  4046  4047  4055  4057  4079  4084  4095  4101  4103  4131  4169  4170  4171  4172  4174  4180  4186  4190  4194
 [451]  4195  4201  4202  4206  4211  4214  4234  4250  4268  4308  4309  4311  4313  4318  4323  4354  4355  4357  4360  4361  4365  4390  4403  4405  4426
 [476]  4436  4437  4438  4439  4453  4458  3659  3663  4477  4484  4550  4552  4553  4569  4602  4618  4638  4673  4674  4677  4678  4679  4680  4681  4683
 [501]  4685  4686  4687  3671  4688  4691  4692  4694  4695  4696  4697  4711  3674  3675  3677  3678  3679  3680  3681  3682  3683  3684  4771  5041  5064
 [526]  5065  5066  5067  5070  5071  5088  5098  4746  4747  5121  5122  5123  5124  5125  5126  5127  5130  5132  5135  4814  4815  4816  4817  4818  4819
 [551]  4820  4821  4824  4831  5138  5140  4865  4869  4870  4871  4872  5145  5154  5173  5178  5179  5180  5181  4897  4898  4900  5187  5193  5210  5211
 [576]  4916  5277  5282  5294  5296  5311  5329  5336  5340  5342  5368  5384  5424  5454  5457  5484  5501  4948  4949  5527  5531  5532  5556  5580  4952
 [601]  4953  4955  5633  5634  5635  5636  5637  5638  5640  5642  5643  5644  5645  5646  5649  5652  5653  5654  5658  4961  5702  5710  5711  5712  5719
 [626]  5720  5721  5723  5727  5734  4967  5810  5811  5818  5874  5875  5877  5920  5938  5956  5962  5963  5975  5976  5988  6036  6038  6045  6050  6056
 [651]  6057  6058  6063  6064  6065  6066  6073  6077  6084  6086  6123  6124  6125  6133  6186  6190  6207  6208  6214  4766  4767  4768  4769  6258  6310
 [676]  6311  6315  4999  5000  5001  5002  6336  6337  6338  6339  6507  6509  6515  6347  6365  6523  6320  6380  6381  6385  6537  6398  6546  6547  6554
 [701]  6555  6568  6569  6572  6578  6579  6596  6600  6601  6607  6622  6623  6451  6653  6655  6665  6696  6705  6708  6719  6475  6477  6722  6724  6731
 [726]  6732  6759  6760  6782  6793  6798  6799  6806  6812  6814  6866  6869  6877  6881  6882  6890  6891  6892  6918  6944  6961  6962  6966  6967  6973
 [751]  6974  6975  6976  6978  6994  7004  7006  7009  7010  7011  7015  7019  7033  6493  7060  7065  7066  7068  7103  7121  7175  7183  7255  7263  7264
 [776]  7270  7271  7272  7273  7282  7283  7284  7302  7321  7329  7337  7353  7354  7360  7365  7366  7377  7388  7411  7413  7430  7456  7462  7564  7618
 [801]  7654  7659  7661  7685  7701  7719  7744  7745  7747  7748  7749  7757  7761  7763  7764  7769  7780  7837  7839  7842  7887  7888  7889  6500  8086
 [826]  8090  8099  8100  8102  7955  7956  7898  7899  7975  7982  8136  8138  8007  8009  8155  8014  8016  8175  8189  8197  8023  8024  8025  8205  8206
 [851]  8207  8208  8028  8029  8030  8231  8232  8241  8243  8244  8245  8256  8262  8263  8033  8034  8274  8275  8276  8277  8289  8315  8334  8347  8351
 [876]  8367  8425  8428  8445  8446  8492  8499  8500  8502  8507  8508  8522  8565  8566  8567  8569  8574  8590  8591  8592  8601  8607  8620  8628  8630
 [901]  8631  8656  8678  8688  8690  8696  8056  8730  8733  8738  8742  8747  8764  8765  8766  8767  8774  8776  8777  8792  8811  8826  8827  8829  8863
 [926]  8871  8892  8895  8898  8903  8943  8977  8998  9023  9024  9033  9081  9087  9089  9102  9137  9156  9166  9168  9169  9170  9191  9194  9196  9250
 [951]  9254  9287  9306  9312  9346  9347  9354  9407  9495  9509  8074  8075  8076  9841  9871  9873  9905  9601  9934  9936  9937  9938  9961  9963  9967
 [976]  9968  9969  9982  9984  9986  9988  9989  9990  9994 10022 10023 10024 10048 10057 10058 10060 10069 10070  9530  9531 10072 10074 10076 10088 10115
 [ reached getOption("max.print") -- omitted 116 entries ]
[1] "GAPIT.ID in process..."
[1] "Filtering SNPs with MAF..."
[1] "Calculating FDR..."
[1] "QQ plot...(NYC)"
[1] "Manhattan plot (Genomewise)...(NYC)"
[1] "GAPIT.Manhattan accomplished successfully!zw"
[1] "Manhattan plot (Chromosomewise)...(NYC)"
[1] "select 69 candidate significont markers in 1 chromosome "
[1] "select 97 candidate significont markers in 2 chromosome "
[1] "select 105 candidate significont markers in 3 chromosome "
[1] "select 76 candidate significont markers in 4 chromosome "
[1] "select 93 candidate significont markers in 5 chromosome "
[1] "select 85 candidate significont markers in 6 chromosome "
[1] "select 67 candidate significont markers in 7 chromosome "
[1] "select 20 candidate significont markers in 8 chromosome "
[1] "select 0 candidate significont markers in 9 chromosome "
[1] "manhattan plot on chromosome finished"
[1] "GAPIT.Manhattan accomplished successfully!zw"
[1] "Association table..."
[1] "Joining tvalue and stderr"
[1] "GAPIT Phenotype distribution with significant markers in process..."
[1] TRUE
[1] 1116    8
[1] "GAPIT.ID accomplished successfully for multiple traits. Results are saved"
[1] "Processing trait: PC3"
[1] "GAPIT.Phenotype.View in press..."
[1] "GAPIT.Phenotype.View output pdf has been generated successfully!"
[1] "--------------------Phenotype and Genotype ----------------------------------"
[1] "FarmCPU"
[1] TRUE
[1] "There are  1  traits in phenotype data."
[1] "There are  3042  individuals in phenotype data."
[1] "There are  11222  markers in genotype data."
[1] "Phenotype and Genotype are test OK !!"
[1] "--------------------GAPIT Logical Done----------------------------------"
[1] "GAPIT.IC in process..."
[1] "There is 0 Covariances."
[1] "There are 3042 common individuals in genotype , phenotype and CV files."
[1] "The dimension of total CV is "
[1] 3042    2
[1] 3042    2
[1] "GAPIT.IC accomplished successfully for multiple traits. Results are saved"
[1] "GAPIT.SS in process..."
[1] "GAPIT will be into GWAS approach..."
[1] "FarmCPU"
[1] "The GAPIT would go into Bus..."
[1] "--------------------- Welcome to FarmCPU ----------------------------"
[1] "FarmCPU Started..."
[1] "Current loop: 1 out of maximum of 10"
[1] "seqQTN"
NULL
[1] "scanning..."
[1] "number of covariates in current loop is:"
[1] 0
[1] "Current loop: 2 out of maximum of 10"
[1] "optimizing possible QTNs..."
[1] "seqQTN"
 [1]   581  8162 10627   247  3442  5667  1951  8871  5445  2203
[1] "scanning..."
[1] "number of covariates in current loop is:"
[1] 10
[1] "Current loop: 3 out of maximum of 10"
[1] "optimizing possible QTNs..."
[1] "seqQTN"
 [1]  4318  5243  4180 10072  4323  6186  1215   889  4462  3757  1522  6285   581   239  8473  9354  1452  5092  8162  1951  5445 10627  2203   247  3442
[26]  8871  5667
[1] "scanning..."
[1] "number of covariates in current loop is:"
[1] 27
[1] "Current loop: 4 out of maximum of 10"
[1] "optimizing possible QTNs..."
[1] "seqQTN"
 [1]  5092   581  2066  2028  2900 10488  7036   385  5255  2303 10923  3916  7267  4744 11045  5243   247  4318  8871  1951  3757  2203  3442  5667  1215
[26]  5445  8473  1522  6285  1452   889  4462  4180  9354  6186   239
[1] "scanning..."
[1] "number of covariates in current loop is:"
[1] 36
[1] "Current loop: 5 out of maximum of 10"
[1] "optimizing possible QTNs..."
[1] "seqQTN"
 [1]   581  5092  4744 10072  6285  2203 10207  3757  2066  1951   247  2303  5445  5243  7036  5667  1215   385  7267   889  1452  4462  1522  3442  2028
[26] 10488  8871  4318 11045  6186   239  8473  3916  2900  4180  5255  9354
[1] "scanning..."
[1] "number of covariates in current loop is:"
[1] 37
[1] "Current loop: 6 out of maximum of 10"
[1] "optimizing possible QTNs..."
[1] "seqQTN"
 [1]   581 10207  5092  4744  3463  2203 10241 10072   247  2066  2303  3757  5445  6285  1951  5243  7036  5667  7267  3916   385  1215  3442  8871 11045
[26]  2028   889 10488  4462  1452  4318  1522   239  6186  2900  8473  5255  9354  4180
[1] "scanning..."
[1] "number of covariates in current loop is:"
[1] 39
[1] "Current loop: 7 out of maximum of 10"
[1] "optimizing possible QTNs..."
[1] "seqQTN"
 [1]   581 10207  5092  3463 10241  4744  3757 10072  2203  2066  7267  2303  7036  1951  6285   247  5243  1215   385  2028  3442  1452   889  5667 10488
[26]  3916  5445  8871  4462  4318  2900 11045  1522   239  8473  6186  5255  9354  4180
[1] "scanning..."
[1] "number of covariates in current loop is:"
[1] 39
[1] "**********FarmCPU ACCOMPLISHED SUCCESSFULLY**********"
[1] "Calculating Kansas GWAS result..."
[1] "FarmCPU has been done succeedly!!"
   [1]  287    8  313   16  326  332  333  344   64  385  387   89  401  106  434  439  116  443  444  445  446  447   22  476  477  478  487  488  489  494
  [31]  497  499  513  514  535  541  544  546  554  123  555  557  563  568  570  571  572  577  581  595  598  601  126  610  612  614  616  617  624  637
  [61]  127  131  132  133  134  135  661  673  675  678  681  682  688  139  702  712  718  726  740  759  774  775  778  788  789  790  795  802  809  812
  [91]  815  180  834  836  838  853  873  877  889  890  896  897  898  900  946  956  959  970  985  188  997  999 1002 1003 1006 1032 1036 1037 1038 1040
 [121] 1053 1054 1063   28   30  204 1123 1136 1137 1157 1158 1162 1164 1165 1177 1184 1187 1190 1191 1198   34 1201 1202 1208 1215 1216 1217 1240 1250 1283
 [151] 1288 1305 1310 1321 1324 1355 1364 1365 1371 1383 1419 1434 1448 1452  236  237  239  246  247  257  260  263  264  267  269  270  271  272  276  278
 [181] 1835 1836 1845 1876 1878 1881 1882 1887 1891 1892 1895 1913 1932 1946 1513 1950 1951 1958 1519 1520 1521 1522 1962 1963 1527 1976 1995 1998 1999 2000
 [211] 2001 2004 2005 1544 1549 1574 2025 2026 2027 2028 2031 2032 2039 2040 2046 2052 2066 2069 2071 1461 1465 1600 1652 1657 1474 1673 1674 1676 1679 1680
 [241] 2130 1697 1700 1486 1488 2137 1701 1702 1703 1705 1706 2148 2164 2177 2179 2180 2181 2182 2183 2185 2188 2192 2193 2200 2203 2204 2210 2214 2215 2218
 [271] 2227 2236 2237 2256 2268 1712 2273 2278 2281 2288 1713 1715 1716 1719 1720 1723 1729 2300 2301 2303 2304 2305 2306 2308 2312 2323 2354 2358 2359 2360
 [301] 2364 2368 2370 2376 2377 2378 2383 2386 2387 2399 2409 2425 2427 2430 2445 2446 2448 2449 2457 2460 2462 2487 2488 2498 2499 2504 2509 2514 2524 2525
 [331] 2526 2527 2532 1771 2556 2557 2602 2616 2634 2635 2640 2641 1797 1799 1801 2665 2666 2667 2669 2688 2703 2704 2706 2711 2712 2714 2715 2716 2717 2721
 [361] 2723 2724 2745 2767 2768 2769 2783 2784 2796 2797 2798 2804 2805 2808 2809 2825 2827 2828 2830 2831 2837 2838 2858 2859 2897 2900 2918 2920 2979 2981
 [391] 2987 2988 2993 3002 3009 3012 3019 3023 3038 3039 3044 3050 3052 3064 3065 3067 3069 3071 3072 3073 3074 3075 3104 3105 3106 3109 1814 3124 3132 3133
 [421] 3151 3156 3161 3173 3174 3175 3176 3177 3178 1820 1493 1497 1498 1500 1823 1831 1832 3685 3686 3687 3688 3249 3259 3691 3692 3695 3702 3705 3268 3274
 [451] 3275 3278 3712 3713 3714 3715 3716 3719 3720 3721 3722 3723 3733 3737 3738 3757 3766 3767 3769 3332 3773 3774 3777 3779 3780 3781 3788 3798 3801 3805
 [481] 3807 3340 3828 3829 3832 3835 3352 3356 3357 3358 3361 3362 3850 3851 3852 3857 3858 3863 3865 3364 3365 3367 3368 3877 3381 3382 3383 3384 3885 3886
 [511] 3898 3904 3907 3393 3396 3914 3916 3401 3403 3405 3407 3412 3413 3414 3417 3418 3420 3428 3429 3430 3431 3434 3440 3442 3924 3462 3463 3464 3467 3468
 [541] 3481 3482 3927 3496 3498 3226 3227 3228 3526 3532 3540 3542 3938 3939 3950 3964 3965 3966 3592 3987 3993 3994 3996 4014 4019 4021 4022 4028 4044 4048
 [571] 4052 4082 4098 4099 4107 4114 4141 4145 4147 4179 4180 4181 4182 4183 4184 4185 4186 3609 4190 4195 4201 4202 4203 4204 4206 4209 4214 4220 4223 4224
 [601] 4226 4228 3619 3623 4234 4237 4240 4241 4242 4260 4262 4264 4274 4280 4285 3634 3638 4316 4318 4323 4327 4333 4334 4341 4377 4378 4380 4381 4401 4434
 [631] 4438 4439 4447 4450 4458 4462 4471 3659 4507 4518 4569 4575 4580 4591 4631 4632 4633 4634 4640 4650 4655 4657 4667 4670 4672 4673 4674 4685 3669 3670
 [661] 3671 3672 4703 4716 3674 3675 3676 3677 3678 3679 3680 3681 3682 3683 3684 5020 5029 5031 5036 5038 5039 4771 4772 4774 4776 4781 4785 5047 5062 5064
 [691] 5065 5066 5067 5072 5076 5078 4798 5080 5082 5083 5086 5087 5088 5091 5092 5093 5094 5095 5096 5097 4723 4728 4730 4733 4734 4736 4737 4738 4739 4740
 [721] 4741 4742 4743 4744 4745 4746 4747 5116 5117 5118 5122 5123 5128 5129 5130 5131 4822 5138 4844 4751 4855 4865 4868 4869 4870 4871 4872 4874 4876 4878
 [751] 4881 5155 5156 5161 5162 5163 5165 5173 4897 4898 5188 5191 5193 5201 5206 4759 5208 5209 4906 5219 5221 5223 5224 5225 5226 5227 5228 4913 5236 5243
 [781] 5244 5249 4919 5255 5275 5278 5279 4923 5297 5302 5304 5312 5315 5316 5318 5319 5320 5329 5340 4929 5352 5364 5366 5367 5375 5376 5377 5378 5379 5397
 [811] 5417 5420 5422 5426 5445 5452 5457 5459 5462 5463 4935 5474 5483 5485 5487 5489 5497 5502 5503 4940 4949 5509 5510 5511 5512 5513 5521 5522 5523 5524
 [841] 5525 5526 5531 5532 5556 5570 5575 5584 5586 5588 5609 5616 4954 5617 5622 5624 5625 5630 5640 5642 5643 5644 5645 5646 5647 5667 4957 5674 4958 4959
 [871] 4961 5677 5691 5700 5703 5705 5710 5711 5712 5724 5730 5734 5747 5760 5763 5773 5777 5786 5805 5810 5817 5818 5838 5839 5840 5841 5851 5870 5871 5896
 [901] 5901 5903 5914 5918 5921 5925 5945 5956 5957 5958 5959 5960 4969 5973 5974 5976 5986 6015 6038 6045 6074 6078 4977 6083 6101 6115 6186 6195 4983 6217
 [931] 4768 6277 6285 6309 6315 4999 5006 5008 5009 5013 4770 6336 6337 6338 6339 6509 6358 6529 6532 6533 6534 6376 6384 6542 6546 6564 6566 6568 6574 6577
 [961] 6595 6424 6425 6430 6596 6597 6322 6323 6432 6433 6434 6601 6607 6617 6618 6621 6630 6633 6654 6655 6662 6452 6666 6670 6675 6678 6683 6686 6699 6700
 [991] 6701 6702 6703 6705 6329 6331 6711 6713 6715 6716
 [ reached getOption("max.print") -- omitted 596 entries ]
[1] "GAPIT.ID in process..."
[1] "Filtering SNPs with MAF..."
[1] "Calculating FDR..."
[1] "QQ plot...(NYC)"
[1] "Manhattan plot (Genomewise)...(NYC)"
[1] "GAPIT.Manhattan accomplished successfully!zw"
[1] "Manhattan plot (Chromosomewise)...(NYC)"
[1] "select 107 candidate significont markers in 1 chromosome "
[1] "select 128 candidate significont markers in 2 chromosome "
[1] "select 123 candidate significont markers in 3 chromosome "
[1] "select 136 candidate significont markers in 4 chromosome "
[1] "select 121 candidate significont markers in 5 chromosome "
[1] "select 117 candidate significont markers in 6 chromosome "
[1] "select 103 candidate significont markers in 7 chromosome "
[1] "select 29 candidate significont markers in 8 chromosome "
[1] "select 1 candidate significont markers in 9 chromosome "
[1] "manhattan plot on chromosome finished"
[1] "GAPIT.Manhattan accomplished successfully!zw"
[1] "Association table..."
[1] "Joining tvalue and stderr"
[1] "GAPIT Phenotype distribution with significant markers in process..."
[1] TRUE
[1] 1596    8
[1] "GAPIT.ID accomplished successfully for multiple traits. Results are saved"
[1] "GAPIT accomplished successfully for multiple traits. Result are saved"
[1] "Reading GWAS result with FarmCPU.PC1(NYC)"
[1] "Reading GWAS result with FarmCPU.PC2(NYC)"
[1] "Reading GWAS result with FarmCPU.PC3(NYC)"
[1] "GAPIT.Association.Manhattans has done !!!"
[1] "GAPIT has output Multiple Manhattan figure with Symphysic type!!!"
[1] "FarmCPU"
[1] "Reading GWAS result with FarmCPU.PC1(NYC)"
[1] "Reading GWAS result with FarmCPU.PC2(NYC)"
[1] "Reading GWAS result with FarmCPU.PC3(NYC)"
[1] "GAPIT.Association.Manhattans has done !!!"
[1] "GAPIT has output Multiple Manhattan figures with Wide and High types!!!"
[1] "Multracks_QQ Plotting FarmCPU.PC1(NYC)..."
[1] "Multracks_QQ Plotting FarmCPU.PC2(NYC)..."
[1] "Multracks_QQ Plotting FarmCPU.PC3(NYC)..."
[1] "Multiple QQ plot has been finished!"
[1] "GAPIT has output Multiple Manhattan and QQ figures with Circle types!!!"
[1] "GAPIT has done all analysis!!!"
[1] "Please find your all results in :"
[1] "/home/mie/Schreibtisch/Unistuff/Master/Semester2/Forschungsgruppenpraktikum_Steven/Test_Git/results/EigenGWAS/maf_0.05"
