****                   ADMIXTURE Version 1.3.0                  ****
****                    Copyright 2008-2015                     ****
****           David Alexander, Suyash Shringarpure,            ****
****                John  Novembre, Ken Lange                   ****
****                                                            ****
****                 Please cite our paper!                     ****
****   Information at www.genetics.ucla.edu/software/admixture  ****

Cross-validation will be performed.  Folds=5.
Random seed: 43
Point estimation method: Block relaxation algorithm
Convergence acceleration algorithm: QuasiNewton, 3 secant conditions
Point estimation will terminate when objective function delta < 0.0001
Estimation of standard errors disabled; will compute point estimates only.
Size of G: 3042x11732
Performing five EM steps to prime main algorithm
1 (EM) 	Elapsed: 11.849	Loglikelihood: -3.5364e+07	(delta): 1.87969e+07
2 (EM) 	Elapsed: 9.571	Loglikelihood: -3.43082e+07	(delta): 1.05579e+06
3 (EM) 	Elapsed: 7.7	Loglikelihood: -3.40319e+07	(delta): 276274
4 (EM) 	Elapsed: 9.061	Loglikelihood: -3.3875e+07	(delta): 156993
5 (EM) 	Elapsed: 7.508	Loglikelihood: -3.37682e+07	(delta): 106794
Initial loglikelihood: -3.37682e+07
Starting main algorithm
1 (QN/Block) 	Elapsed: 23.939	Loglikelihood: -3.23769e+07	(delta): 1.39127e+06
2 (QN/Block) 	Elapsed: 24.451	Loglikelihood: -3.18515e+07	(delta): 525378
3 (QN/Block) 	Elapsed: 24.583	Loglikelihood: -3.16532e+07	(delta): 198303
4 (QN/Block) 	Elapsed: 16.689	Loglikelihood: -3.15719e+07	(delta): 81354.7
5 (QN/Block) 	Elapsed: 17.738	Loglikelihood: -3.15554e+07	(delta): 16432.3
6 (QN/Block) 	Elapsed: 18.786	Loglikelihood: -3.15529e+07	(delta): 2535.49
7 (QN/Block) 	Elapsed: 20.294	Loglikelihood: -3.15521e+07	(delta): 746.715
8 (QN/Block) 	Elapsed: 16.706	Loglikelihood: -3.15518e+07	(delta): 325.538
9 (QN/Block) 	Elapsed: 21.49	Loglikelihood: -3.15517e+07	(delta): 106.166
10 (QN/Block) 	Elapsed: 22.33	Loglikelihood: -3.15517e+07	(delta): 41.641
11 (QN/Block) 	Elapsed: 16.957	Loglikelihood: -3.15516e+07	(delta): 24.5098
12 (QN/Block) 	Elapsed: 13.992	Loglikelihood: -3.15516e+07	(delta): 17.0824
13 (QN/Block) 	Elapsed: 17.07	Loglikelihood: -3.15516e+07	(delta): 4.27774
14 (QN/Block) 	Elapsed: 14.012	Loglikelihood: -3.15516e+07	(delta): 2.28821
15 (QN/Block) 	Elapsed: 17.478	Loglikelihood: -3.15516e+07	(delta): 1.11142
16 (QN/Block) 	Elapsed: 13.221	Loglikelihood: -3.15516e+07	(delta): 0.649686
17 (QN/Block) 	Elapsed: 13.558	Loglikelihood: -3.15516e+07	(delta): 0.20952
18 (QN/Block) 	Elapsed: 15.335	Loglikelihood: -3.15516e+07	(delta): 0.133531
19 (QN/Block) 	Elapsed: 13.658	Loglikelihood: -3.15516e+07	(delta): 0.0340125
20 (QN/Block) 	Elapsed: 14.725	Loglikelihood: -3.15516e+07	(delta): 0.018473
21 (QN/Block) 	Elapsed: 11.317	Loglikelihood: -3.15516e+07	(delta): 0.0047565
22 (QN/Block) 	Elapsed: 13.813	Loglikelihood: -3.15516e+07	(delta): 0.00319682
23 (QN/Block) 	Elapsed: 12.879	Loglikelihood: -3.15516e+07	(delta): 0.000524431
24 (QN/Block) 	Elapsed: 12.242	Loglikelihood: -3.15516e+07	(delta): 0.000248853
25 (QN/Block) 	Elapsed: 12.698	Loglikelihood: -3.15516e+07	(delta): 5.4203e-05
Summary: 
Converged in 25 iterations (490.414 sec)
Loglikelihood: -31551615.153038
Fst divergences between estimated populations: 
	Pop0	Pop1	Pop2	
Pop0	
Pop1	0.295	
Pop2	0.064	0.274	
Pop3	0.114	0.235	0.090	
CV error (K=4): 0.50720
Writing output files.
