****                   ADMIXTURE Version 1.3.0                  ****
****                    Copyright 2008-2015                     ****
****           David Alexander, Suyash Shringarpure,            ****
****                John  Novembre, Ken Lange                   ****
****                                                            ****
****                 Please cite our paper!                     ****
****   Information at www.genetics.ucla.edu/software/admixture  ****

Cross-validation will be performed.  Folds=5.
Random seed: 43
Point estimation method: Block relaxation algorithm
Convergence acceleration algorithm: QuasiNewton, 3 secant conditions
Point estimation will terminate when objective function delta < 0.0001
Estimation of standard errors disabled; will compute point estimates only.
Size of G: 3042x11732
Performing five EM steps to prime main algorithm
1 (EM) 	Elapsed: 4.725	Loglikelihood: -3.53143e+07	(delta): 2.05836e+07
2 (EM) 	Elapsed: 5.516	Loglikelihood: -3.42516e+07	(delta): 1.06263e+06
3 (EM) 	Elapsed: 6.156	Loglikelihood: -3.39517e+07	(delta): 299918
4 (EM) 	Elapsed: 3.358	Loglikelihood: -3.37857e+07	(delta): 166002
5 (EM) 	Elapsed: 5.564	Loglikelihood: -3.36799e+07	(delta): 105848
Initial loglikelihood: -3.36799e+07
Starting main algorithm
1 (QN/Block) 	Elapsed: 8.183	Loglikelihood: -3.27555e+07	(delta): 924334
2 (QN/Block) 	Elapsed: 7.273	Loglikelihood: -3.23984e+07	(delta): 357132
3 (QN/Block) 	Elapsed: 7.24	Loglikelihood: -3.21681e+07	(delta): 230275
4 (QN/Block) 	Elapsed: 6.942	Loglikelihood: -3.20376e+07	(delta): 130564
5 (QN/Block) 	Elapsed: 7.531	Loglikelihood: -3.19441e+07	(delta): 93415.4
6 (QN/Block) 	Elapsed: 7.205	Loglikelihood: -3.18513e+07	(delta): 92854.9
7 (QN/Block) 	Elapsed: 8.965	Loglikelihood: -3.18191e+07	(delta): 32169.2
8 (QN/Block) 	Elapsed: 8.347	Loglikelihood: -3.17807e+07	(delta): 38371.1
9 (QN/Block) 	Elapsed: 8.318	Loglikelihood: -3.17598e+07	(delta): 20898.8
10 (QN/Block) 	Elapsed: 6.998	Loglikelihood: -3.17502e+07	(delta): 9654.6
11 (QN/Block) 	Elapsed: 7.884	Loglikelihood: -3.17463e+07	(delta): 3868.72
12 (QN/Block) 	Elapsed: 9.406	Loglikelihood: -3.17455e+07	(delta): 869.117
13 (QN/Block) 	Elapsed: 6.792	Loglikelihood: -3.17452e+07	(delta): 289.834
14 (QN/Block) 	Elapsed: 7.021	Loglikelihood: -3.17451e+07	(delta): 33.6125
15 (QN/Block) 	Elapsed: 6.413	Loglikelihood: -3.17451e+07	(delta): 11.4017
16 (QN/Block) 	Elapsed: 6.363	Loglikelihood: -3.17451e+07	(delta): 1.18012
17 (QN/Block) 	Elapsed: 5.902	Loglikelihood: -3.17451e+07	(delta): 0.173664
18 (QN/Block) 	Elapsed: 6.293	Loglikelihood: -3.17451e+07	(delta): 0.0349496
19 (QN/Block) 	Elapsed: 7.128	Loglikelihood: -3.17451e+07	(delta): 0.00469335
20 (QN/Block) 	Elapsed: 6.652	Loglikelihood: -3.17451e+07	(delta): 0.00054818
21 (QN/Block) 	Elapsed: 6.783	Loglikelihood: -3.17451e+07	(delta): 4.67896e-05
Summary: 
Converged in 21 iterations (190.702 sec)
Loglikelihood: -31745116.119184
Fst divergences between estimated populations: 
	Pop0	Pop1	
Pop0	
Pop1	0.285	
Pop2	0.092	0.242	
CV error (K=3): 0.51230
Writing output files.
