****                   ADMIXTURE Version 1.3.0                  ****
****                    Copyright 2008-2015                     ****
****           David Alexander, Suyash Shringarpure,            ****
****                John  Novembre, Ken Lange                   ****
****                                                            ****
****                 Please cite our paper!                     ****
****   Information at www.genetics.ucla.edu/software/admixture  ****

Cross-validation will be performed.  Folds=5.
Random seed: 43
Point estimation method: Block relaxation algorithm
Convergence acceleration algorithm: QuasiNewton, 3 secant conditions
Point estimation will terminate when objective function delta < 0.0001
Estimation of standard errors disabled; will compute point estimates only.
Size of G: 3042x18812
Performing five EM steps to prime main algorithm
1 (EM) 	Elapsed: 2.845	Loglikelihood: -4.06594e+07	(delta): 5.48707e+07
2 (EM) 	Elapsed: 3.308	Loglikelihood: -3.93704e+07	(delta): 1.28905e+06
3 (EM) 	Elapsed: 2.684	Loglikelihood: -3.90704e+07	(delta): 299998
4 (EM) 	Elapsed: 2.896	Loglikelihood: -3.89231e+07	(delta): 147235
5 (EM) 	Elapsed: 2.85	Loglikelihood: -3.88461e+07	(delta): 77092.4
Initial loglikelihood: -3.88461e+07
Starting main algorithm
1 (QN/Block) 	Elapsed: 9.028	Loglikelihood: -3.80829e+07	(delta): 763156
2 (QN/Block) 	Elapsed: 7.208	Loglikelihood: -3.7572e+07	(delta): 510935
3 (QN/Block) 	Elapsed: 8.179	Loglikelihood: -3.72485e+07	(delta): 323409
4 (QN/Block) 	Elapsed: 8.853	Loglikelihood: -3.70665e+07	(delta): 182078
5 (QN/Block) 	Elapsed: 9.708	Loglikelihood: -3.70073e+07	(delta): 59134.3
6 (QN/Block) 	Elapsed: 7.839	Loglikelihood: -3.69961e+07	(delta): 11234
7 (QN/Block) 	Elapsed: 7.581	Loglikelihood: -3.69918e+07	(delta): 4332.56
8 (QN/Block) 	Elapsed: 7.399	Loglikelihood: -3.69907e+07	(delta): 1102.26
9 (QN/Block) 	Elapsed: 7.966	Loglikelihood: -3.69904e+07	(delta): 281.035
10 (QN/Block) 	Elapsed: 7.7	Loglikelihood: -3.69903e+07	(delta): 80.3001
11 (QN/Block) 	Elapsed: 7.589	Loglikelihood: -3.69903e+07	(delta): 12.3616
12 (QN/Block) 	Elapsed: 6.489	Loglikelihood: -3.69903e+07	(delta): 2.14109
13 (QN/Block) 	Elapsed: 10.347	Loglikelihood: -3.69903e+07	(delta): 0.335266
14 (QN/Block) 	Elapsed: 7.346	Loglikelihood: -3.69903e+07	(delta): 0.0683088
15 (QN/Block) 	Elapsed: 10.546	Loglikelihood: -3.69903e+07	(delta): 0.0108506
16 (QN/Block) 	Elapsed: 10.113	Loglikelihood: -3.69903e+07	(delta): 0.00438857
17 (QN/Block) 	Elapsed: 10.712	Loglikelihood: -3.69903e+07	(delta): 0.00141285
18 (QN/Block) 	Elapsed: 7.637	Loglikelihood: -3.69903e+07	(delta): 0.00107562
19 (QN/Block) 	Elapsed: 7.266	Loglikelihood: -3.69903e+07	(delta): 0.000858605
20 (QN/Block) 	Elapsed: 7.358	Loglikelihood: -3.69903e+07	(delta): 0.00121734
21 (QN/Block) 	Elapsed: 10.383	Loglikelihood: -3.69903e+07	(delta): 0.000170246
22 (QN/Block) 	Elapsed: 10.003	Loglikelihood: -3.69903e+07	(delta): 0.000285193
23 (QN/Block) 	Elapsed: 10.725	Loglikelihood: -3.69903e+07	(delta): 0.000410818
24 (QN/Block) 	Elapsed: 13.857	Loglikelihood: -3.69903e+07	(delta): 0.000229038
25 (QN/Block) 	Elapsed: 10.773	Loglikelihood: -3.69903e+07	(delta): 6.72415e-05
Summary: 
Converged in 25 iterations (252.073 sec)
Loglikelihood: -36990291.690265
Fst divergences between estimated populations: 
	Pop0	
Pop0	
Pop1	0.200	
CV error (K=2): 0.38827
Writing output files.
