****                   ADMIXTURE Version 1.3.0                  ****
****                    Copyright 2008-2015                     ****
****           David Alexander, Suyash Shringarpure,            ****
****                John  Novembre, Ken Lange                   ****
****                                                            ****
****                 Please cite our paper!                     ****
****   Information at www.genetics.ucla.edu/software/admixture  ****

Cross-validation will be performed.  Folds=5.
Random seed: 43
Point estimation method: Block relaxation algorithm
Convergence acceleration algorithm: QuasiNewton, 3 secant conditions
Point estimation will terminate when objective function delta < 0.0001
Estimation of standard errors disabled; will compute point estimates only.
Size of G: 3042x18812
Performing five EM steps to prime main algorithm
1 (EM) 	Elapsed: 4.467	Loglikelihood: -4.12032e+07	(delta): 4.88099e+07
2 (EM) 	Elapsed: 3.791	Loglikelihood: -3.96683e+07	(delta): 1.53486e+06
3 (EM) 	Elapsed: 3.872	Loglikelihood: -3.93134e+07	(delta): 354887
4 (EM) 	Elapsed: 3.991	Loglikelihood: -3.9118e+07	(delta): 195439
5 (EM) 	Elapsed: 3.749	Loglikelihood: -3.89929e+07	(delta): 125095
Initial loglikelihood: -3.89929e+07
Starting main algorithm
1 (QN/Block) 	Elapsed: 9.415	Loglikelihood: -3.76771e+07	(delta): 1.31581e+06
2 (QN/Block) 	Elapsed: 8.881	Loglikelihood: -3.72161e+07	(delta): 460918
3 (QN/Block) 	Elapsed: 9.758	Loglikelihood: -3.69173e+07	(delta): 298816
4 (QN/Block) 	Elapsed: 11.339	Loglikelihood: -3.6615e+07	(delta): 302296
5 (QN/Block) 	Elapsed: 15.387	Loglikelihood: -3.63597e+07	(delta): 255308
6 (QN/Block) 	Elapsed: 19.98	Loglikelihood: -3.62651e+07	(delta): 94609.9
7 (QN/Block) 	Elapsed: 9.925	Loglikelihood: -3.62149e+07	(delta): 50201.1
8 (QN/Block) 	Elapsed: 10.165	Loglikelihood: -3.61961e+07	(delta): 18806.9
9 (QN/Block) 	Elapsed: 10.009	Loglikelihood: -3.61921e+07	(delta): 4041.84
10 (QN/Block) 	Elapsed: 10.879	Loglikelihood: -3.61908e+07	(delta): 1310.91
11 (QN/Block) 	Elapsed: 15.658	Loglikelihood: -3.61904e+07	(delta): 367.935
12 (QN/Block) 	Elapsed: 17.595	Loglikelihood: -3.61903e+07	(delta): 99.9019
13 (QN/Block) 	Elapsed: 9.563	Loglikelihood: -3.61903e+07	(delta): 32.8049
14 (QN/Block) 	Elapsed: 9.713	Loglikelihood: -3.61902e+07	(delta): 10.7499
15 (QN/Block) 	Elapsed: 9.38	Loglikelihood: -3.61902e+07	(delta): 1.28654
16 (QN/Block) 	Elapsed: 9.963	Loglikelihood: -3.61902e+07	(delta): 0.184281
17 (QN/Block) 	Elapsed: 14.769	Loglikelihood: -3.61902e+07	(delta): 0.028502
18 (QN/Block) 	Elapsed: 9.866	Loglikelihood: -3.61902e+07	(delta): 0.0123208
19 (QN/Block) 	Elapsed: 10.486	Loglikelihood: -3.61902e+07	(delta): 0.000761211
20 (QN/Block) 	Elapsed: 10.751	Loglikelihood: -3.61902e+07	(delta): 0.000530139
21 (QN/Block) 	Elapsed: 16.904	Loglikelihood: -3.61902e+07	(delta): 0.000312783
22 (QN/Block) 	Elapsed: 13.742	Loglikelihood: -3.61902e+07	(delta): 1.23233e-05
Summary: 
Converged in 22 iterations (299.578 sec)
Loglikelihood: -36190239.961306
Fst divergences between estimated populations: 
	Pop0	Pop1	
Pop0	
Pop1	0.291	
Pop2	0.088	0.232	
CV error (K=3): 0.37434
Writing output files.
