****                   ADMIXTURE Version 1.3.0                  ****
****                    Copyright 2008-2015                     ****
****           David Alexander, Suyash Shringarpure,            ****
****                John  Novembre, Ken Lange                   ****
****                                                            ****
****                 Please cite our paper!                     ****
****   Information at www.genetics.ucla.edu/software/admixture  ****

Cross-validation will be performed.  Folds=5.
Random seed: 43
Point estimation method: Block relaxation algorithm
Convergence acceleration algorithm: QuasiNewton, 3 secant conditions
Point estimation will terminate when objective function delta < 0.0001
Estimation of standard errors disabled; will compute point estimates only.
Size of G: 3042x18812
Performing five EM steps to prime main algorithm
1 (EM) 	Elapsed: 5.421	Loglikelihood: -4.13922e+07	(delta): 4.557e+07
2 (EM) 	Elapsed: 5.793	Loglikelihood: -3.97594e+07	(delta): 1.63279e+06
3 (EM) 	Elapsed: 5.762	Loglikelihood: -3.94162e+07	(delta): 343158
4 (EM) 	Elapsed: 5.441	Loglikelihood: -3.92278e+07	(delta): 188423
5 (EM) 	Elapsed: 6.173	Loglikelihood: -3.90998e+07	(delta): 127954
Initial loglikelihood: -3.90998e+07
Starting main algorithm
1 (QN/Block) 	Elapsed: 16.669	Loglikelihood: -3.7185e+07	(delta): 1.91482e+06
2 (QN/Block) 	Elapsed: 20.606	Loglikelihood: -3.6318e+07	(delta): 867041
3 (QN/Block) 	Elapsed: 21.791	Loglikelihood: -3.60503e+07	(delta): 267651
4 (QN/Block) 	Elapsed: 14.108	Loglikelihood: -3.59501e+07	(delta): 100251
5 (QN/Block) 	Elapsed: 13.801	Loglikelihood: -3.59273e+07	(delta): 22778.6
6 (QN/Block) 	Elapsed: 14.767	Loglikelihood: -3.59147e+07	(delta): 12604.7
7 (QN/Block) 	Elapsed: 15.667	Loglikelihood: -3.59118e+07	(delta): 2874.65
8 (QN/Block) 	Elapsed: 13.811	Loglikelihood: -3.59109e+07	(delta): 909.052
9 (QN/Block) 	Elapsed: 14.15	Loglikelihood: -3.59106e+07	(delta): 267.604
10 (QN/Block) 	Elapsed: 15.824	Loglikelihood: -3.59105e+07	(delta): 131.046
11 (QN/Block) 	Elapsed: 20.942	Loglikelihood: -3.59104e+07	(delta): 71.5771
12 (QN/Block) 	Elapsed: 22.801	Loglikelihood: -3.59104e+07	(delta): 42.9314
13 (QN/Block) 	Elapsed: 22.605	Loglikelihood: -3.59104e+07	(delta): 20.4307
14 (QN/Block) 	Elapsed: 20.295	Loglikelihood: -3.59104e+07	(delta): 7.34783
15 (QN/Block) 	Elapsed: 16.184	Loglikelihood: -3.59104e+07	(delta): 2.14895
16 (QN/Block) 	Elapsed: 16.387	Loglikelihood: -3.59104e+07	(delta): 0.26751
17 (QN/Block) 	Elapsed: 14.871	Loglikelihood: -3.59104e+07	(delta): 0.10802
18 (QN/Block) 	Elapsed: 14.592	Loglikelihood: -3.59104e+07	(delta): 0.020053
19 (QN/Block) 	Elapsed: 14.553	Loglikelihood: -3.59104e+07	(delta): 0.00747333
20 (QN/Block) 	Elapsed: 14.299	Loglikelihood: -3.59104e+07	(delta): 0.0015691
21 (QN/Block) 	Elapsed: 13.711	Loglikelihood: -3.59104e+07	(delta): 0.00239342
22 (QN/Block) 	Elapsed: 13.431	Loglikelihood: -3.59104e+07	(delta): 0.00568041
23 (QN/Block) 	Elapsed: 15.375	Loglikelihood: -3.59104e+07	(delta): 0.00057476
24 (QN/Block) 	Elapsed: 16.232	Loglikelihood: -3.59104e+07	(delta): 0.000532717
25 (QN/Block) 	Elapsed: 17.263	Loglikelihood: -3.59104e+07	(delta): 0.000534162
26 (QN/Block) 	Elapsed: 21.216	Loglikelihood: -3.59104e+07	(delta): 0.000540048
27 (QN/Block) 	Elapsed: 19.927	Loglikelihood: -3.59104e+07	(delta): 0.000545152
28 (QN/Block) 	Elapsed: 15.413	Loglikelihood: -3.59104e+07	(delta): 0.000551336
29 (QN/Block) 	Elapsed: 22.104	Loglikelihood: -3.59104e+07	(delta): 0.000358559
30 (QN/Block) 	Elapsed: 17.476	Loglikelihood: -3.59104e+07	(delta): 5.14835e-05
Summary: 
Converged in 30 iterations (561.259 sec)
Loglikelihood: -35910371.332032
Fst divergences between estimated populations: 
	Pop0	Pop1	Pop2	
Pop0	
Pop1	0.303	
Pop2	0.064	0.271	
Pop3	0.113	0.224	0.072	
CV error (K=4): 0.36973
Writing output files.
